0 verbose cli C:\Program Files\nodejs\node.exe C:\Users\paradise\AppData\Roaming\npm\node_modules\npm\bin\npm-cli.js
1 info using npm@11.3.0
2 info using node@v22.15.0
3 silly config load:file:C:\Users\paradise\AppData\Roaming\npm\node_modules\npm\npmrc
4 silly config load:file:C:\Users\paradise\OneDrive\Desktop\miniproject\oz_react_mini_10\.npmrc
5 silly config load:file:C:\Users\paradise\.npmrc
6 silly config load:file:C:\Users\paradise\AppData\Roaming\npm\etc\npmrc
7 verbose title npm install axios
8 verbose argv "install" "axios"
9 verbose logfile logs-max:10 dir:C:\Users\paradise\OneDrive\Desktop\miniproject\oz_react_mini_10\npm-cache\_logs\2025-05-07T06_39_59_255Z-
10 verbose logfile C:\Users\paradise\OneDrive\Desktop\miniproject\oz_react_mini_10\npm-cache\_logs\2025-05-07T06_39_59_255Z-debug-0.log
11 silly logfile done cleaning log files
12 silly packumentCache heap:4345298944 maxSize:1086324736 maxEntrySize:543162368
13 silly idealTree buildDeps
14 silly fetch manifest axios@*
15 silly packumentCache full:https://registry.npmjs.org/axios cache-miss
16 verbose shrinkwrap failed to load node_modules/.package-lock.json out of date, updated: node_modules
17 http fetch GET 200 https://registry.npmjs.org/axios 234ms (cache miss)
18 silly packumentCache full:https://registry.npmjs.org/axios set size:undefined disposed:false
19 silly placeDep ROOT axios@1.9.0 OK for: my-app@0.0.0 want: *
20 silly fetch manifest follow-redirects@^1.15.6
21 silly packumentCache full:https://registry.npmjs.org/follow-redirects cache-miss
22 silly fetch manifest form-data@^4.0.0
23 silly packumentCache full:https://registry.npmjs.org/form-data cache-miss
24 silly fetch manifest proxy-from-env@^1.1.0
25 silly packumentCache full:https://registry.npmjs.org/proxy-from-env cache-miss
26 http fetch GET 200 https://registry.npmjs.org/follow-redirects 56ms (cache miss)
27 silly packumentCache full:https://registry.npmjs.org/follow-redirects set size:undefined disposed:false
28 http fetch GET 200 https://registry.npmjs.org/form-data 93ms (cache miss)
29 silly packumentCache full:https://registry.npmjs.org/form-data set size:undefined disposed:false
30 http fetch GET 200 https://registry.npmjs.org/proxy-from-env 125ms (cache miss)
31 silly packumentCache full:https://registry.npmjs.org/proxy-from-env set size:undefined disposed:false
32 silly placeDep ROOT follow-redirects@1.15.9 OK for: axios@1.9.0 want: ^1.15.6
33 silly placeDep ROOT form-data@4.0.2 OK for: axios@1.9.0 want: ^4.0.0
34 silly placeDep ROOT proxy-from-env@1.1.0 OK for: axios@1.9.0 want: ^1.1.0
35 silly fetch manifest asynckit@^0.4.0
36 silly packumentCache full:https://registry.npmjs.org/asynckit cache-miss
37 silly fetch manifest combined-stream@^1.0.8
38 silly packumentCache full:https://registry.npmjs.org/combined-stream cache-miss
39 silly fetch manifest es-set-tostringtag@^2.1.0
40 silly packumentCache full:https://registry.npmjs.org/es-set-tostringtag cache-miss
41 silly fetch manifest mime-types@^2.1.12
42 silly packumentCache full:https://registry.npmjs.org/mime-types cache-miss
43 http fetch GET 200 https://registry.npmjs.org/combined-stream 59ms (cache miss)
44 silly packumentCache full:https://registry.npmjs.org/combined-stream set size:undefined disposed:false
45 http fetch GET 200 https://registry.npmjs.org/asynckit 65ms (cache miss)
46 silly packumentCache full:https://registry.npmjs.org/asynckit set size:undefined disposed:false
47 http fetch GET 200 https://registry.npmjs.org/es-set-tostringtag 77ms (cache miss)
48 silly packumentCache full:https://registry.npmjs.org/es-set-tostringtag set size:undefined disposed:false
49 http fetch GET 200 https://registry.npmjs.org/mime-types 113ms (cache miss)
50 silly packumentCache full:https://registry.npmjs.org/mime-types set size:undefined disposed:false
51 silly placeDep ROOT asynckit@0.4.0 OK for: form-data@4.0.2 want: ^0.4.0
52 silly placeDep ROOT combined-stream@1.0.8 OK for: form-data@4.0.2 want: ^1.0.8
53 silly placeDep ROOT es-set-tostringtag@2.1.0 OK for: form-data@4.0.2 want: ^2.1.0
54 silly placeDep ROOT mime-types@2.1.35 OK for: form-data@4.0.2 want: ^2.1.12
55 silly fetch manifest delayed-stream@~1.0.0
56 silly packumentCache full:https://registry.npmjs.org/delayed-stream cache-miss
57 silly fetch manifest es-errors@^1.3.0
58 silly packumentCache full:https://registry.npmjs.org/es-errors cache-miss
59 silly fetch manifest get-intrinsic@^1.2.6
60 silly packumentCache full:https://registry.npmjs.org/get-intrinsic cache-miss
61 silly fetch manifest has-tostringtag@^1.0.2
62 silly packumentCache full:https://registry.npmjs.org/has-tostringtag cache-miss
63 silly fetch manifest hasown@^2.0.2
64 silly packumentCache full:https://registry.npmjs.org/hasown cache-miss
65 silly fetch manifest mime-db@1.52.0
66 silly packumentCache full:https://registry.npmjs.org/mime-db cache-miss
67 http fetch GET 200 https://registry.npmjs.org/has-tostringtag 66ms (cache miss)
68 silly packumentCache full:https://registry.npmjs.org/has-tostringtag set size:undefined disposed:false
69 http fetch GET 200 https://registry.npmjs.org/es-errors 70ms (cache miss)
70 silly packumentCache full:https://registry.npmjs.org/es-errors set size:undefined disposed:false
71 http fetch GET 200 https://registry.npmjs.org/delayed-stream 75ms (cache miss)
72 silly packumentCache full:https://registry.npmjs.org/delayed-stream set size:undefined disposed:false
73 http fetch GET 200 https://registry.npmjs.org/get-intrinsic 76ms (cache miss)
74 silly packumentCache full:https://registry.npmjs.org/get-intrinsic set size:undefined disposed:false
75 http fetch GET 200 https://registry.npmjs.org/mime-db 112ms (cache miss)
76 silly packumentCache full:https://registry.npmjs.org/mime-db set size:undefined disposed:false
77 http fetch GET 200 https://registry.npmjs.org/hasown 118ms (cache miss)
78 silly packumentCache full:https://registry.npmjs.org/hasown set size:undefined disposed:false
79 silly placeDep ROOT delayed-stream@1.0.0 OK for: combined-stream@1.0.8 want: ~1.0.0
80 silly placeDep ROOT es-errors@1.3.0 OK for: es-set-tostringtag@2.1.0 want: ^1.3.0
81 silly placeDep ROOT get-intrinsic@1.3.0 OK for: es-set-tostringtag@2.1.0 want: ^1.2.6
82 silly placeDep ROOT has-tostringtag@1.0.2 OK for: es-set-tostringtag@2.1.0 want: ^1.0.2
83 silly placeDep ROOT hasown@2.0.2 OK for: es-set-tostringtag@2.1.0 want: ^2.0.2
84 silly fetch manifest call-bind-apply-helpers@^1.0.2
85 silly packumentCache full:https://registry.npmjs.org/call-bind-apply-helpers cache-miss
86 silly fetch manifest es-define-property@^1.0.1
87 silly packumentCache full:https://registry.npmjs.org/es-define-property cache-miss
88 silly fetch manifest es-object-atoms@^1.1.1
89 silly packumentCache full:https://registry.npmjs.org/es-object-atoms cache-miss
90 silly fetch manifest function-bind@^1.1.2
91 silly packumentCache full:https://registry.npmjs.org/function-bind cache-miss
92 silly fetch manifest get-proto@^1.0.1
93 silly packumentCache full:https://registry.npmjs.org/get-proto cache-miss
94 silly fetch manifest gopd@^1.2.0
95 silly packumentCache full:https://registry.npmjs.org/gopd cache-miss
96 silly fetch manifest has-symbols@^1.1.0
97 silly packumentCache full:https://registry.npmjs.org/has-symbols cache-miss
98 http fetch GET 200 https://registry.npmjs.org/get-proto 63ms (cache miss)
99 silly packumentCache full:https://registry.npmjs.org/get-proto set size:undefined disposed:false
100 silly fetch manifest math-intrinsics@^1.1.0
101 silly packumentCache full:https://registry.npmjs.org/math-intrinsics cache-miss
102 http fetch GET 200 https://registry.npmjs.org/es-define-property 71ms (cache miss)
103 silly packumentCache full:https://registry.npmjs.org/es-define-property set size:undefined disposed:false
104 silly fetch manifest has-symbols@^1.0.3
105 silly packumentCache full:https://registry.npmjs.org/has-symbols cache-miss
106 http fetch GET 200 https://registry.npmjs.org/es-object-atoms 73ms (cache miss)
107 silly packumentCache full:https://registry.npmjs.org/es-object-atoms set size:undefined disposed:false
108 silly fetch manifest function-bind@^1.1.2
109 silly packumentCache full:https://registry.npmjs.org/function-bind cache-miss
110 http fetch GET 200 https://registry.npmjs.org/call-bind-apply-helpers 80ms (cache miss)
111 silly packumentCache full:https://registry.npmjs.org/call-bind-apply-helpers set size:undefined disposed:false
112 http fetch GET 200 https://registry.npmjs.org/function-bind 83ms (cache miss)
113 silly packumentCache full:https://registry.npmjs.org/function-bind set size:undefined disposed:false
114 http fetch GET 200 https://registry.npmjs.org/gopd 84ms (cache miss)
115 silly packumentCache full:https://registry.npmjs.org/gopd set size:undefined disposed:false
116 http fetch GET 200 https://registry.npmjs.org/has-symbols 91ms (cache miss)
117 silly packumentCache full:https://registry.npmjs.org/has-symbols set size:undefined disposed:false
118 http fetch GET 200 https://registry.npmjs.org/has-symbols 42ms (cache miss)
119 silly packumentCache full:https://registry.npmjs.org/has-symbols set size:undefined disposed:false
120 http fetch GET 200 https://registry.npmjs.org/math-intrinsics 50ms (cache miss)
121 silly packumentCache full:https://registry.npmjs.org/math-intrinsics set size:undefined disposed:false
122 http fetch GET 200 https://registry.npmjs.org/function-bind 42ms (cache miss)
123 silly packumentCache full:https://registry.npmjs.org/function-bind set size:undefined disposed:false
124 silly placeDep ROOT call-bind-apply-helpers@1.0.2 OK for: get-intrinsic@1.3.0 want: ^1.0.2
125 silly placeDep ROOT es-define-property@1.0.1 OK for: get-intrinsic@1.3.0 want: ^1.0.1
126 silly placeDep ROOT es-object-atoms@1.1.1 OK for: get-intrinsic@1.3.0 want: ^1.1.1
127 silly placeDep ROOT function-bind@1.1.2 OK for: get-intrinsic@1.3.0 want: ^1.1.2
128 silly placeDep ROOT get-proto@1.0.1 OK for: get-intrinsic@1.3.0 want: ^1.0.1
129 silly placeDep ROOT gopd@1.2.0 OK for: get-intrinsic@1.3.0 want: ^1.2.0
130 silly placeDep ROOT has-symbols@1.1.0 OK for: get-intrinsic@1.3.0 want: ^1.1.0
131 silly placeDep ROOT math-intrinsics@1.1.0 OK for: get-intrinsic@1.3.0 want: ^1.1.0
132 silly fetch manifest dunder-proto@^1.0.1
133 silly packumentCache full:https://registry.npmjs.org/dunder-proto cache-miss
134 http fetch GET 200 https://registry.npmjs.org/dunder-proto 42ms (cache miss)
135 silly packumentCache full:https://registry.npmjs.org/dunder-proto set size:undefined disposed:false
136 silly placeDep ROOT dunder-proto@1.0.1 OK for: get-proto@1.0.1 want: ^1.0.1
137 silly placeDep ROOT mime-db@1.52.0 OK for: mime-types@2.1.35 want: 1.52.0
138 silly reify moves {}
139 silly audit bulk request {
139 silly audit   '@ampproject/remapping': [ '2.3.0' ],
139 silly audit   '@babel/code-frame': [ '7.27.1' ],
139 silly audit   '@babel/compat-data': [ '7.27.1' ],
139 silly audit   '@babel/core': [ '7.27.1' ],
139 silly audit   '@babel/generator': [ '7.27.1' ],
139 silly audit   '@babel/helper-compilation-targets': [ '7.27.1' ],
139 silly audit   '@babel/helper-module-imports': [ '7.27.1' ],
139 silly audit   '@babel/helper-module-transforms': [ '7.27.1' ],
139 silly audit   '@babel/helper-plugin-utils': [ '7.27.1' ],
139 silly audit   '@babel/helper-string-parser': [ '7.27.1' ],
139 silly audit   '@babel/helper-validator-identifier': [ '7.27.1' ],
139 silly audit   '@babel/helper-validator-option': [ '7.27.1' ],
139 silly audit   '@babel/helpers': [ '7.27.1' ],
139 silly audit   '@babel/parser': [ '7.27.1' ],
139 silly audit   '@babel/plugin-transform-react-jsx-self': [ '7.27.1' ],
139 silly audit   '@babel/plugin-transform-react-jsx-source': [ '7.27.1' ],
139 silly audit   '@babel/template': [ '7.27.1' ],
139 silly audit   '@babel/traverse': [ '7.27.1' ],
139 silly audit   globals: [ '11.12.0', '14.0.0', '16.0.0' ],
139 silly audit   '@babel/types': [ '7.27.1' ],
139 silly audit   '@esbuild/aix-ppc64': [ '0.25.3' ],
139 silly audit   '@esbuild/android-arm': [ '0.25.3' ],
139 silly audit   '@esbuild/android-arm64': [ '0.25.3' ],
139 silly audit   '@esbuild/android-x64': [ '0.25.3' ],
139 silly audit   '@esbuild/darwin-arm64': [ '0.25.3' ],
139 silly audit   '@esbuild/darwin-x64': [ '0.25.3' ],
139 silly audit   '@esbuild/freebsd-arm64': [ '0.25.3' ],
139 silly audit   '@esbuild/freebsd-x64': [ '0.25.3' ],
139 silly audit   '@esbuild/linux-arm': [ '0.25.3' ],
139 silly audit   '@esbuild/linux-arm64': [ '0.25.3' ],
139 silly audit   '@esbuild/linux-ia32': [ '0.25.3' ],
139 silly audit   '@esbuild/linux-loong64': [ '0.25.3' ],
139 silly audit   '@esbuild/linux-mips64el': [ '0.25.3' ],
139 silly audit   '@esbuild/linux-ppc64': [ '0.25.3' ],
139 silly audit   '@esbuild/linux-riscv64': [ '0.25.3' ],
139 silly audit   '@esbuild/linux-s390x': [ '0.25.3' ],
139 silly audit   '@esbuild/linux-x64': [ '0.25.3' ],
139 silly audit   '@esbuild/netbsd-arm64': [ '0.25.3' ],
139 silly audit   '@esbuild/netbsd-x64': [ '0.25.3' ],
139 silly audit   '@esbuild/openbsd-arm64': [ '0.25.3' ],
139 silly audit   '@esbuild/openbsd-x64': [ '0.25.3' ],
139 silly audit   '@esbuild/sunos-x64': [ '0.25.3' ],
139 silly audit   '@esbuild/win32-arm64': [ '0.25.3' ],
139 silly audit   '@esbuild/win32-ia32': [ '0.25.3' ],
139 silly audit   '@esbuild/win32-x64': [ '0.25.3' ],
139 silly audit   '@eslint-community/eslint-utils': [ '4.6.1' ],
139 silly audit   'eslint-visitor-keys': [ '3.4.3', '4.2.0' ],
139 silly audit   '@eslint-community/regexpp': [ '4.12.1' ],
139 silly audit   '@eslint/config-array': [ '0.20.0' ],
139 silly audit   '@eslint/config-helpers': [ '0.2.2' ],
139 silly audit   '@eslint/core': [ '0.13.0' ],
139 silly audit   '@eslint/eslintrc': [ '3.3.1' ],
139 silly audit   '@eslint/js': [ '9.25.1' ],
139 silly audit   '@eslint/object-schema': [ '2.1.6' ],
139 silly audit   '@eslint/plugin-kit': [ '0.2.8' ],
139 silly audit   '@humanfs/core': [ '0.19.1' ],
139 silly audit   '@humanfs/node': [ '0.16.6' ],
139 silly audit   '@humanwhocodes/retry': [ '0.3.1', '0.4.2' ],
139 silly audit   '@humanwhocodes/module-importer': [ '1.0.1' ],
139 silly audit   '@jridgewell/gen-mapping': [ '0.3.8' ],
139 silly audit   '@jridgewell/resolve-uri': [ '3.1.2' ],
139 silly audit   '@jridgewell/set-array': [ '1.2.1' ],
139 silly audit   '@jridgewell/sourcemap-codec': [ '1.5.0' ],
139 silly audit   '@jridgewell/trace-mapping': [ '0.3.25' ],
139 silly audit   '@parcel/watcher': [ '2.5.1' ],
139 silly audit   '@parcel/watcher-android-arm64': [ '2.5.1' ],
139 silly audit   '@parcel/watcher-darwin-arm64': [ '2.5.1' ],
139 silly audit   '@parcel/watcher-darwin-x64': [ '2.5.1' ],
139 silly audit   '@parcel/watcher-freebsd-x64': [ '2.5.1' ],
139 silly audit   '@parcel/watcher-linux-arm-glibc': [ '2.5.1' ],
139 silly audit   '@parcel/watcher-linux-arm-musl': [ '2.5.1' ],
139 silly audit   '@parcel/watcher-linux-arm64-glibc': [ '2.5.1' ],
139 silly audit   '@parcel/watcher-linux-arm64-musl': [ '2.5.1' ],
139 silly audit   '@parcel/watcher-linux-x64-glibc': [ '2.5.1' ],
139 silly audit   '@parcel/watcher-linux-x64-musl': [ '2.5.1' ],
139 silly audit   '@parcel/watcher-win32-arm64': [ '2.5.1' ],
139 silly audit   '@parcel/watcher-win32-ia32': [ '2.5.1' ],
139 silly audit   '@parcel/watcher-win32-x64': [ '2.5.1' ],
139 silly audit   '@rollup/rollup-android-arm-eabi': [ '4.40.1' ],
139 silly audit   '@rollup/rollup-android-arm64': [ '4.40.1' ],
139 silly audit   '@rollup/rollup-darwin-arm64': [ '4.40.1' ],
139 silly audit   '@rollup/rollup-darwin-x64': [ '4.40.1' ],
139 silly audit   '@rollup/rollup-freebsd-arm64': [ '4.40.1' ],
139 silly audit   '@rollup/rollup-freebsd-x64': [ '4.40.1' ],
139 silly audit   '@rollup/rollup-linux-arm-gnueabihf': [ '4.40.1' ],
139 silly audit   '@rollup/rollup-linux-arm-musleabihf': [ '4.40.1' ],
139 silly audit   '@rollup/rollup-linux-arm64-gnu': [ '4.40.1' ],
139 silly audit   '@rollup/rollup-linux-arm64-musl': [ '4.40.1' ],
139 silly audit   '@rollup/rollup-linux-loongarch64-gnu': [ '4.40.1' ],
139 silly audit   '@rollup/rollup-linux-powerpc64le-gnu': [ '4.40.1' ],
139 silly audit   '@rollup/rollup-linux-riscv64-gnu': [ '4.40.1' ],
139 silly audit   '@rollup/rollup-linux-riscv64-musl': [ '4.40.1' ],
139 silly audit   '@rollup/rollup-linux-s390x-gnu': [ '4.40.1' ],
139 silly audit   '@rollup/rollup-linux-x64-gnu': [ '4.40.1' ],
139 silly audit   '@rollup/rollup-linux-x64-musl': [ '4.40.1' ],
139 silly audit   '@rollup/rollup-win32-arm64-msvc': [ '4.40.1' ],
139 silly audit   '@rollup/rollup-win32-ia32-msvc': [ '4.40.1' ],
139 silly audit   '@rollup/rollup-win32-x64-msvc': [ '4.40.1' ],
139 silly audit   '@types/babel__core': [ '7.20.5' ],
139 silly audit   '@types/babel__generator': [ '7.27.0' ],
139 silly audit   '@types/babel__template': [ '7.4.4' ],
139 silly audit   '@types/babel__traverse': [ '7.20.7' ],
139 silly audit   '@types/estree': [ '1.0.7' ],
139 silly audit   '@types/json-schema': [ '7.0.15' ],
139 silly audit   '@types/react': [ '19.1.2' ],
139 silly audit   '@types/react-dom': [ '19.1.3' ],
139 silly audit   '@vitejs/plugin-react': [ '4.4.1' ],
139 silly audit   acorn: [ '8.14.1' ],
139 silly audit   'acorn-jsx': [ '5.3.2' ],
139 silly audit   ajv: [ '6.12.6' ],
139 silly audit   'ansi-styles': [ '4.3.0' ],
139 silly audit   argparse: [ '2.0.1' ],
139 silly audit   autoprefixer: [ '10.4.21' ],
139 silly audit   'balanced-match': [ '1.0.2' ],
139 silly audit   'brace-expansion': [ '1.1.11' ],
139 silly audit   braces: [ '3.0.3' ],
139 silly audit   browserslist: [ '4.24.4' ],
139 silly audit   callsites: [ '3.1.0' ],
139 silly audit   'caniuse-lite': [ '1.0.30001716' ],
139 silly audit   chalk: [ '4.1.2' ],
139 silly audit   chokidar: [ '4.0.3' ],
139 silly audit   'color-convert': [ '2.0.1' ],
139 silly audit   'color-name': [ '1.1.4' ],
139 silly audit   'concat-map': [ '0.0.1' ],
139 silly audit   'convert-source-map': [ '2.0.0' ],
139 silly audit   cookie: [ '1.0.2' ],
139 silly audit   'cross-spawn': [ '7.0.6' ],
139 silly audit   csstype: [ '3.1.3' ],
139 silly audit   debug: [ '4.4.0' ],
139 silly audit   'deep-is': [ '0.1.4' ],
139 silly audit   'detect-libc': [ '1.0.3' ],
139 silly audit   dotenv: [ '16.5.0' ],
139 silly audit   'electron-to-chromium': [ '1.5.149' ],
139 silly audit   esbuild: [ '0.25.3' ],
139 silly audit   escalade: [ '3.2.0' ],
139 silly audit   'escape-string-regexp': [ '4.0.0' ],
139 silly audit   eslint: [ '9.25.1' ],
139 silly audit   'eslint-plugin-react-hooks': [ '5.2.0' ],
139 silly audit   'eslint-plugin-react-refresh': [ '0.4.20' ],
139 silly audit   'eslint-scope': [ '8.3.0' ],
139 silly audit   espree: [ '10.3.0' ],
139 silly audit   esquery: [ '1.6.0' ],
139 silly audit   esrecurse: [ '4.3.0' ],
139 silly audit   estraverse: [ '5.3.0' ],
139 silly audit   esutils: [ '2.0.3' ],
139 silly audit   'fast-deep-equal': [ '3.1.3' ],
139 silly audit   'fast-json-stable-stringify': [ '2.1.0' ],
139 silly audit   'fast-levenshtein': [ '2.0.6' ],
139 silly audit   fdir: [ '6.4.4' ],
139 silly audit   'file-entry-cache': [ '8.0.0' ],
139 silly audit   'fill-range': [ '7.1.1' ],
139 silly audit   'find-up': [ '5.0.0' ],
139 silly audit   'flat-cache': [ '4.0.1' ],
139 silly audit   flatted: [ '3.3.3' ],
139 silly audit   'fraction.js': [ '4.3.7' ],
139 silly audit   fsevents: [ '2.3.3' ],
139 silly audit   gensync: [ '1.0.0-beta.2' ],
139 silly audit   'glob-parent': [ '6.0.2' ],
139 silly audit   'has-flag': [ '4.0.0' ],
139 silly audit   ignore: [ '5.3.2' ],
139 silly audit   immutable: [ '5.1.1' ],
139 silly audit   'import-fresh': [ '3.3.1' ],
139 silly audit   imurmurhash: [ '0.1.4' ],
139 silly audit   'is-extglob': [ '2.1.1' ],
139 silly audit   'is-glob': [ '4.0.3' ],
139 silly audit   'is-number': [ '7.0.0' ],
139 silly audit   isexe: [ '2.0.0' ],
139 silly audit   'js-tokens': [ '4.0.0' ],
139 silly audit   'js-yaml': [ '4.1.0' ],
139 silly audit   jsesc: [ '3.1.0' ],
139 silly audit   'json-buffer': [ '3.0.1' ],
139 silly audit   'json-schema-traverse': [ '0.4.1' ],
139 silly audit   'json-stable-stringify-without-jsonify': [ '1.0.1' ],
139 silly audit   json5: [ '2.2.3' ],
139 silly audit   keyv: [ '4.5.4' ],
139 silly audit   levn: [ '0.4.1' ],
139 silly audit   'locate-path': [ '6.0.0' ],
139 silly audit   'lodash.merge': [ '4.6.2' ],
139 silly audit   'lru-cache': [ '5.1.1' ],
139 silly audit   micromatch: [ '4.0.8' ],
139 silly audit   picomatch: [ '2.3.1', '4.0.2' ],
139 silly audit   minimatch: [ '3.1.2' ],
139 silly audit   ms: [ '2.1.3' ],
139 silly audit   nanoid: [ '3.3.11' ],
139 silly audit   'natural-compare': [ '1.4.0' ],
139 silly audit   'node-addon-api': [ '7.1.1' ],
139 silly audit   'node-releases': [ '2.0.19' ],
139 silly audit   'normalize-range': [ '0.1.2' ],
139 silly audit   optionator: [ '0.9.4' ],
139 silly audit   'p-limit': [ '3.1.0' ],
139 silly audit   'p-locate': [ '5.0.0' ],
139 silly audit   'parent-module': [ '1.0.1' ],
139 silly audit   'path-exists': [ '4.0.0' ],
139 silly audit   'path-key': [ '3.1.1' ],
139 silly audit   picocolors: [ '1.1.1' ],
139 silly audit   postcss: [ '8.5.3' ],
139 silly audit   'postcss-value-parser': [ '4.2.0' ],
139 silly audit   'prelude-ls': [ '1.2.1' ],
139 silly audit   punycode: [ '2.3.1' ],
139 silly audit   react: [ '19.1.0' ],
139 silly audit   'react-dom': [ '19.1.0' ],
139 silly audit   'react-refresh': [ '0.17.0' ],
139 silly audit   'react-router': [ '7.5.3' ],
139 silly audit   'react-router-dom': [ '7.5.3' ],
139 silly audit   readdirp: [ '4.1.2' ],
139 silly audit   'resolve-from': [ '4.0.0' ],
139 silly audit   rollup: [ '4.40.1' ],
139 silly audit   sass: [ '1.87.0' ],
139 silly audit   scheduler: [ '0.26.0' ],
139 silly audit   semver: [ '6.3.1' ],
139 silly audit   'set-cookie-parser': [ '2.7.1' ],
139 silly audit   'shebang-command': [ '2.0.0' ],
139 silly audit   'shebang-regex': [ '3.0.0' ],
139 silly audit   'source-map-js': [ '1.2.1' ],
139 silly audit   'strip-json-comments': [ '3.1.1' ],
139 silly audit   'supports-color': [ '7.2.0' ],
139 silly audit   tailwindcss: [ '4.1.5' ],
139 silly audit   tinyglobby: [ '0.2.13' ],
139 silly audit   'to-regex-range': [ '5.0.1' ],
139 silly audit   'turbo-stream': [ '2.4.0' ],
139 silly audit   'type-check': [ '0.4.0' ],
139 silly audit   'update-browserslist-db': [ '1.1.3' ],
139 silly audit   'uri-js': [ '4.4.1' ],
139 silly audit   vite: [ '6.3.4' ],
139 silly audit   which: [ '2.0.2' ],
139 silly audit   'word-wrap': [ '1.2.5' ],
139 silly audit   yallist: [ '3.1.1' ],
139 silly audit   'yocto-queue': [ '0.1.0' ],
139 silly audit   axios: [ '1.9.0' ],
139 silly audit   'follow-redirects': [ '1.15.9' ],
139 silly audit   'form-data': [ '4.0.2' ],
139 silly audit   'proxy-from-env': [ '1.1.0' ],
139 silly audit   asynckit: [ '0.4.0' ],
139 silly audit   'combined-stream': [ '1.0.8' ],
139 silly audit   'es-set-tostringtag': [ '2.1.0' ],
139 silly audit   'mime-types': [ '2.1.35' ],
139 silly audit   'delayed-stream': [ '1.0.0' ],
139 silly audit   'es-errors': [ '1.3.0' ],
139 silly audit   'get-intrinsic': [ '1.3.0' ],
139 silly audit   'has-tostringtag': [ '1.0.2' ],
139 silly audit   hasown: [ '2.0.2' ],
139 silly audit   'call-bind-apply-helpers': [ '1.0.2' ],
139 silly audit   'es-define-property': [ '1.0.1' ],
139 silly audit   'es-object-atoms': [ '1.1.1' ],
139 silly audit   'function-bind': [ '1.1.2' ],
139 silly audit   'get-proto': [ '1.0.1' ],
139 silly audit   gopd: [ '1.2.0' ],
139 silly audit   'has-symbols': [ '1.1.0' ],
139 silly audit   'math-intrinsics': [ '1.1.0' ],
139 silly audit   'dunder-proto': [ '1.0.1' ],
139 silly audit   'mime-db': [ '1.52.0' ]
139 silly audit }
140 verbose reify failed optional dependency C:\Users\paradise\OneDrive\Desktop\miniproject\oz_react_mini_10\node_modules\fsevents
141 silly reify mark deleted [
141 silly reify   'C:\\Users\\paradise\\OneDrive\\Desktop\\miniproject\\oz_react_mini_10\\node_modules\\fsevents'
141 silly reify ]
142 verbose reify failed optional dependency C:\Users\paradise\OneDrive\Desktop\miniproject\oz_react_mini_10\node_modules\@rollup\rollup-win32-ia32-msvc
143 silly reify mark deleted [
143 silly reify   'C:\\Users\\paradise\\OneDrive\\Desktop\\miniproject\\oz_react_mini_10\\node_modules\\@rollup\\rollup-win32-ia32-msvc'
143 silly reify ]
144 verbose reify failed optional dependency C:\Users\paradise\OneDrive\Desktop\miniproject\oz_react_mini_10\node_modules\@rollup\rollup-win32-arm64-msvc
145 silly reify mark deleted [
145 silly reify   'C:\\Users\\paradise\\OneDrive\\Desktop\\miniproject\\oz_react_mini_10\\node_modules\\@rollup\\rollup-win32-arm64-msvc'
145 silly reify ]
146 verbose reify failed optional dependency C:\Users\paradise\OneDrive\Desktop\miniproject\oz_react_mini_10\node_modules\@rollup\rollup-linux-x64-musl
147 silly reify mark deleted [
147 silly reify   'C:\\Users\\paradise\\OneDrive\\Desktop\\miniproject\\oz_react_mini_10\\node_modules\\@rollup\\rollup-linux-x64-musl'
147 silly reify ]
148 verbose reify failed optional dependency C:\Users\paradise\OneDrive\Desktop\miniproject\oz_react_mini_10\node_modules\@rollup\rollup-linux-x64-gnu
149 silly reify mark deleted [
149 silly reify   'C:\\Users\\paradise\\OneDrive\\Desktop\\miniproject\\oz_react_mini_10\\node_modules\\@rollup\\rollup-linux-x64-gnu'
149 silly reify ]
150 verbose reify failed optional dependency C:\Users\paradise\OneDrive\Desktop\miniproject\oz_react_mini_10\node_modules\@rollup\rollup-linux-s390x-gnu
151 silly reify mark deleted [
151 silly reify   'C:\\Users\\paradise\\OneDrive\\Desktop\\miniproject\\oz_react_mini_10\\node_modules\\@rollup\\rollup-linux-s390x-gnu'
151 silly reify ]
152 verbose reify failed optional dependency C:\Users\paradise\OneDrive\Desktop\miniproject\oz_react_mini_10\node_modules\@rollup\rollup-linux-riscv64-musl
153 silly reify mark deleted [
153 silly reify   'C:\\Users\\paradise\\OneDrive\\Desktop\\miniproject\\oz_react_mini_10\\node_modules\\@rollup\\rollup-linux-riscv64-musl'
153 silly reify ]
154 verbose reify failed optional dependency C:\Users\paradise\OneDrive\Desktop\miniproject\oz_react_mini_10\node_modules\@rollup\rollup-linux-riscv64-gnu
155 silly reify mark deleted [
155 silly reify   'C:\\Users\\paradise\\OneDrive\\Desktop\\miniproject\\oz_react_mini_10\\node_modules\\@rollup\\rollup-linux-riscv64-gnu'
155 silly reify ]
156 verbose reify failed optional dependency C:\Users\paradise\OneDrive\Desktop\miniproject\oz_react_mini_10\node_modules\@rollup\rollup-linux-powerpc64le-gnu
157 silly reify mark deleted [
157 silly reify   'C:\\Users\\paradise\\OneDrive\\Desktop\\miniproject\\oz_react_mini_10\\node_modules\\@rollup\\rollup-linux-powerpc64le-gnu'
157 silly reify ]
158 verbose reify failed optional dependency C:\Users\paradise\OneDrive\Desktop\miniproject\oz_react_mini_10\node_modules\@rollup\rollup-linux-loongarch64-gnu
159 silly reify mark deleted [
159 silly reify   'C:\\Users\\paradise\\OneDrive\\Desktop\\miniproject\\oz_react_mini_10\\node_modules\\@rollup\\rollup-linux-loongarch64-gnu'
159 silly reify ]
160 verbose reify failed optional dependency C:\Users\paradise\OneDrive\Desktop\miniproject\oz_react_mini_10\node_modules\@rollup\rollup-linux-arm64-musl
161 silly reify mark deleted [
161 silly reify   'C:\\Users\\paradise\\OneDrive\\Desktop\\miniproject\\oz_react_mini_10\\node_modules\\@rollup\\rollup-linux-arm64-musl'
161 silly reify ]
162 verbose reify failed optional dependency C:\Users\paradise\OneDrive\Desktop\miniproject\oz_react_mini_10\node_modules\@rollup\rollup-linux-arm64-gnu
163 silly reify mark deleted [
163 silly reify   'C:\\Users\\paradise\\OneDrive\\Desktop\\miniproject\\oz_react_mini_10\\node_modules\\@rollup\\rollup-linux-arm64-gnu'
163 silly reify ]
164 verbose reify failed optional dependency C:\Users\paradise\OneDrive\Desktop\miniproject\oz_react_mini_10\node_modules\@rollup\rollup-linux-arm-musleabihf
165 silly reify mark deleted [
165 silly reify   'C:\\Users\\paradise\\OneDrive\\Desktop\\miniproject\\oz_react_mini_10\\node_modules\\@rollup\\rollup-linux-arm-musleabihf'
165 silly reify ]
166 verbose reify failed optional dependency C:\Users\paradise\OneDrive\Desktop\miniproject\oz_react_mini_10\node_modules\@rollup\rollup-linux-arm-gnueabihf
167 silly reify mark deleted [
167 silly reify   'C:\\Users\\paradise\\OneDrive\\Desktop\\miniproject\\oz_react_mini_10\\node_modules\\@rollup\\rollup-linux-arm-gnueabihf'
167 silly reify ]
168 verbose reify failed optional dependency C:\Users\paradise\OneDrive\Desktop\miniproject\oz_react_mini_10\node_modules\@rollup\rollup-freebsd-x64
169 silly reify mark deleted [
169 silly reify   'C:\\Users\\paradise\\OneDrive\\Desktop\\miniproject\\oz_react_mini_10\\node_modules\\@rollup\\rollup-freebsd-x64'
169 silly reify ]
170 verbose reify failed optional dependency C:\Users\paradise\OneDrive\Desktop\miniproject\oz_react_mini_10\node_modules\@rollup\rollup-freebsd-arm64
171 silly reify mark deleted [
171 silly reify   'C:\\Users\\paradise\\OneDrive\\Desktop\\miniproject\\oz_react_mini_10\\node_modules\\@rollup\\rollup-freebsd-arm64'
171 silly reify ]
172 verbose reify failed optional dependency C:\Users\paradise\OneDrive\Desktop\miniproject\oz_react_mini_10\node_modules\@rollup\rollup-darwin-x64
173 silly reify mark deleted [
173 silly reify   'C:\\Users\\paradise\\OneDrive\\Desktop\\miniproject\\oz_react_mini_10\\node_modules\\@rollup\\rollup-darwin-x64'
173 silly reify ]
174 verbose reify failed optional dependency C:\Users\paradise\OneDrive\Desktop\miniproject\oz_react_mini_10\node_modules\@rollup\rollup-darwin-arm64
175 silly reify mark deleted [
175 silly reify   'C:\\Users\\paradise\\OneDrive\\Desktop\\miniproject\\oz_react_mini_10\\node_modules\\@rollup\\rollup-darwin-arm64'
175 silly reify ]
176 verbose reify failed optional dependency C:\Users\paradise\OneDrive\Desktop\miniproject\oz_react_mini_10\node_modules\@rollup\rollup-android-arm64
177 silly reify mark deleted [
177 silly reify   'C:\\Users\\paradise\\OneDrive\\Desktop\\miniproject\\oz_react_mini_10\\node_modules\\@rollup\\rollup-android-arm64'
177 silly reify ]
178 verbose reify failed optional dependency C:\Users\paradise\OneDrive\Desktop\miniproject\oz_react_mini_10\node_modules\@rollup\rollup-android-arm-eabi
179 silly reify mark deleted [
179 silly reify   'C:\\Users\\paradise\\OneDrive\\Desktop\\miniproject\\oz_react_mini_10\\node_modules\\@rollup\\rollup-android-arm-eabi'
179 silly reify ]
180 verbose reify failed optional dependency C:\Users\paradise\OneDrive\Desktop\miniproject\oz_react_mini_10\node_modules\@parcel\watcher-win32-ia32
181 silly reify mark deleted [
181 silly reify   'C:\\Users\\paradise\\OneDrive\\Desktop\\miniproject\\oz_react_mini_10\\node_modules\\@parcel\\watcher-win32-ia32'
181 silly reify ]
182 verbose reify failed optional dependency C:\Users\paradise\OneDrive\Desktop\miniproject\oz_react_mini_10\node_modules\@parcel\watcher-win32-arm64
183 silly reify mark deleted [
183 silly reify   'C:\\Users\\paradise\\OneDrive\\Desktop\\miniproject\\oz_react_mini_10\\node_modules\\@parcel\\watcher-win32-arm64'
183 silly reify ]
184 verbose reify failed optional dependency C:\Users\paradise\OneDrive\Desktop\miniproject\oz_react_mini_10\node_modules\@parcel\watcher-linux-x64-musl
185 silly reify mark deleted [
185 silly reify   'C:\\Users\\paradise\\OneDrive\\Desktop\\miniproject\\oz_react_mini_10\\node_modules\\@parcel\\watcher-linux-x64-musl'
185 silly reify ]
186 verbose reify failed optional dependency C:\Users\paradise\OneDrive\Desktop\miniproject\oz_react_mini_10\node_modules\@parcel\watcher-linux-x64-glibc
187 silly reify mark deleted [
187 silly reify   'C:\\Users\\paradise\\OneDrive\\Desktop\\miniproject\\oz_react_mini_10\\node_modules\\@parcel\\watcher-linux-x64-glibc'
187 silly reify ]
188 verbose reify failed optional dependency C:\Users\paradise\OneDrive\Desktop\miniproject\oz_react_mini_10\node_modules\@parcel\watcher-linux-arm64-musl
189 silly reify mark deleted [
189 silly reify   'C:\\Users\\paradise\\OneDrive\\Desktop\\miniproject\\oz_react_mini_10\\node_modules\\@parcel\\watcher-linux-arm64-musl'
189 silly reify ]
190 verbose reify failed optional dependency C:\Users\paradise\OneDrive\Desktop\miniproject\oz_react_mini_10\node_modules\@parcel\watcher-linux-arm64-glibc
191 silly reify mark deleted [
191 silly reify   'C:\\Users\\paradise\\OneDrive\\Desktop\\miniproject\\oz_react_mini_10\\node_modules\\@parcel\\watcher-linux-arm64-glibc'
191 silly reify ]
192 verbose reify failed optional dependency C:\Users\paradise\OneDrive\Desktop\miniproject\oz_react_mini_10\node_modules\@parcel\watcher-linux-arm-musl
193 silly reify mark deleted [
193 silly reify   'C:\\Users\\paradise\\OneDrive\\Desktop\\miniproject\\oz_react_mini_10\\node_modules\\@parcel\\watcher-linux-arm-musl'
193 silly reify ]
194 verbose reify failed optional dependency C:\Users\paradise\OneDrive\Desktop\miniproject\oz_react_mini_10\node_modules\@parcel\watcher-linux-arm-glibc
195 silly reify mark deleted [
195 silly reify   'C:\\Users\\paradise\\OneDrive\\Desktop\\miniproject\\oz_react_mini_10\\node_modules\\@parcel\\watcher-linux-arm-glibc'
195 silly reify ]
196 verbose reify failed optional dependency C:\Users\paradise\OneDrive\Desktop\miniproject\oz_react_mini_10\node_modules\@parcel\watcher-freebsd-x64
197 silly reify mark deleted [
197 silly reify   'C:\\Users\\paradise\\OneDrive\\Desktop\\miniproject\\oz_react_mini_10\\node_modules\\@parcel\\watcher-freebsd-x64'
197 silly reify ]
198 verbose reify failed optional dependency C:\Users\paradise\OneDrive\Desktop\miniproject\oz_react_mini_10\node_modules\@parcel\watcher-darwin-x64
199 silly reify mark deleted [
199 silly reify   'C:\\Users\\paradise\\OneDrive\\Desktop\\miniproject\\oz_react_mini_10\\node_modules\\@parcel\\watcher-darwin-x64'
199 silly reify ]
200 verbose reify failed optional dependency C:\Users\paradise\OneDrive\Desktop\miniproject\oz_react_mini_10\node_modules\@parcel\watcher-darwin-arm64
201 silly reify mark deleted [
201 silly reify   'C:\\Users\\paradise\\OneDrive\\Desktop\\miniproject\\oz_react_mini_10\\node_modules\\@parcel\\watcher-darwin-arm64'
201 silly reify ]
202 verbose reify failed optional dependency C:\Users\paradise\OneDrive\Desktop\miniproject\oz_react_mini_10\node_modules\@parcel\watcher-android-arm64
203 silly reify mark deleted [
203 silly reify   'C:\\Users\\paradise\\OneDrive\\Desktop\\miniproject\\oz_react_mini_10\\node_modules\\@parcel\\watcher-android-arm64'
203 silly reify ]
204 verbose reify failed optional dependency C:\Users\paradise\OneDrive\Desktop\miniproject\oz_react_mini_10\node_modules\@esbuild\win32-ia32
205 silly reify mark deleted [
205 silly reify   'C:\\Users\\paradise\\OneDrive\\Desktop\\miniproject\\oz_react_mini_10\\node_modules\\@esbuild\\win32-ia32'
205 silly reify ]
206 verbose reify failed optional dependency C:\Users\paradise\OneDrive\Desktop\miniproject\oz_react_mini_10\node_modules\@esbuild\win32-arm64
207 silly reify mark deleted [
207 silly reify   'C:\\Users\\paradise\\OneDrive\\Desktop\\miniproject\\oz_react_mini_10\\node_modules\\@esbuild\\win32-arm64'
207 silly reify ]
208 verbose reify failed optional dependency C:\Users\paradise\OneDrive\Desktop\miniproject\oz_react_mini_10\node_modules\@esbuild\sunos-x64
209 silly reify mark deleted [
209 silly reify   'C:\\Users\\paradise\\OneDrive\\Desktop\\miniproject\\oz_react_mini_10\\node_modules\\@esbuild\\sunos-x64'
209 silly reify ]
210 verbose reify failed optional dependency C:\Users\paradise\OneDrive\Desktop\miniproject\oz_react_mini_10\node_modules\@esbuild\openbsd-x64
211 silly reify mark deleted [
211 silly reify   'C:\\Users\\paradise\\OneDrive\\Desktop\\miniproject\\oz_react_mini_10\\node_modules\\@esbuild\\openbsd-x64'
211 silly reify ]
212 verbose reify failed optional dependency C:\Users\paradise\OneDrive\Desktop\miniproject\oz_react_mini_10\node_modules\@esbuild\openbsd-arm64
213 silly reify mark deleted [
213 silly reify   'C:\\Users\\paradise\\OneDrive\\Desktop\\miniproject\\oz_react_mini_10\\node_modules\\@esbuild\\openbsd-arm64'
213 silly reify ]
214 verbose reify failed optional dependency C:\Users\paradise\OneDrive\Desktop\miniproject\oz_react_mini_10\node_modules\@esbuild\netbsd-x64
215 silly reify mark deleted [
215 silly reify   'C:\\Users\\paradise\\OneDrive\\Desktop\\miniproject\\oz_react_mini_10\\node_modules\\@esbuild\\netbsd-x64'
215 silly reify ]
216 verbose reify failed optional dependency C:\Users\paradise\OneDrive\Desktop\miniproject\oz_react_mini_10\node_modules\@esbuild\netbsd-arm64
217 silly reify mark deleted [
217 silly reify   'C:\\Users\\paradise\\OneDrive\\Desktop\\miniproject\\oz_react_mini_10\\node_modules\\@esbuild\\netbsd-arm64'
217 silly reify ]
218 verbose reify failed optional dependency C:\Users\paradise\OneDrive\Desktop\miniproject\oz_react_mini_10\node_modules\@esbuild\linux-x64
219 silly reify mark deleted [
219 silly reify   'C:\\Users\\paradise\\OneDrive\\Desktop\\miniproject\\oz_react_mini_10\\node_modules\\@esbuild\\linux-x64'
219 silly reify ]
220 verbose reify failed optional dependency C:\Users\paradise\OneDrive\Desktop\miniproject\oz_react_mini_10\node_modules\@esbuild\linux-s390x
221 silly reify mark deleted [
221 silly reify   'C:\\Users\\paradise\\OneDrive\\Desktop\\miniproject\\oz_react_mini_10\\node_modules\\@esbuild\\linux-s390x'
221 silly reify ]
222 verbose reify failed optional dependency C:\Users\paradise\OneDrive\Desktop\miniproject\oz_react_mini_10\node_modules\@esbuild\linux-riscv64
223 silly reify mark deleted [
223 silly reify   'C:\\Users\\paradise\\OneDrive\\Desktop\\miniproject\\oz_react_mini_10\\node_modules\\@esbuild\\linux-riscv64'
223 silly reify ]
224 verbose reify failed optional dependency C:\Users\paradise\OneDrive\Desktop\miniproject\oz_react_mini_10\node_modules\@esbuild\linux-ppc64
225 silly reify mark deleted [
225 silly reify   'C:\\Users\\paradise\\OneDrive\\Desktop\\miniproject\\oz_react_mini_10\\node_modules\\@esbuild\\linux-ppc64'
225 silly reify ]
226 verbose reify failed optional dependency C:\Users\paradise\OneDrive\Desktop\miniproject\oz_react_mini_10\node_modules\@esbuild\linux-mips64el
227 silly reify mark deleted [
227 silly reify   'C:\\Users\\paradise\\OneDrive\\Desktop\\miniproject\\oz_react_mini_10\\node_modules\\@esbuild\\linux-mips64el'
227 silly reify ]
228 verbose reify failed optional dependency C:\Users\paradise\OneDrive\Desktop\miniproject\oz_react_mini_10\node_modules\@esbuild\linux-loong64
229 silly reify mark deleted [
229 silly reify   'C:\\Users\\paradise\\OneDrive\\Desktop\\miniproject\\oz_react_mini_10\\node_modules\\@esbuild\\linux-loong64'
229 silly reify ]
230 verbose reify failed optional dependency C:\Users\paradise\OneDrive\Desktop\miniproject\oz_react_mini_10\node_modules\@esbuild\linux-ia32
231 silly reify mark deleted [
231 silly reify   'C:\\Users\\paradise\\OneDrive\\Desktop\\miniproject\\oz_react_mini_10\\node_modules\\@esbuild\\linux-ia32'
231 silly reify ]
232 verbose reify failed optional dependency C:\Users\paradise\OneDrive\Desktop\miniproject\oz_react_mini_10\node_modules\@esbuild\linux-arm64
233 silly reify mark deleted [
233 silly reify   'C:\\Users\\paradise\\OneDrive\\Desktop\\miniproject\\oz_react_mini_10\\node_modules\\@esbuild\\linux-arm64'
233 silly reify ]
234 verbose reify failed optional dependency C:\Users\paradise\OneDrive\Desktop\miniproject\oz_react_mini_10\node_modules\@esbuild\linux-arm
235 silly reify mark deleted [
235 silly reify   'C:\\Users\\paradise\\OneDrive\\Desktop\\miniproject\\oz_react_mini_10\\node_modules\\@esbuild\\linux-arm'
235 silly reify ]
236 verbose reify failed optional dependency C:\Users\paradise\OneDrive\Desktop\miniproject\oz_react_mini_10\node_modules\@esbuild\freebsd-x64
237 silly reify mark deleted [
237 silly reify   'C:\\Users\\paradise\\OneDrive\\Desktop\\miniproject\\oz_react_mini_10\\node_modules\\@esbuild\\freebsd-x64'
237 silly reify ]
238 verbose reify failed optional dependency C:\Users\paradise\OneDrive\Desktop\miniproject\oz_react_mini_10\node_modules\@esbuild\freebsd-arm64
239 silly reify mark deleted [
239 silly reify   'C:\\Users\\paradise\\OneDrive\\Desktop\\miniproject\\oz_react_mini_10\\node_modules\\@esbuild\\freebsd-arm64'
239 silly reify ]
240 verbose reify failed optional dependency C:\Users\paradise\OneDrive\Desktop\miniproject\oz_react_mini_10\node_modules\@esbuild\darwin-x64
241 silly reify mark deleted [
241 silly reify   'C:\\Users\\paradise\\OneDrive\\Desktop\\miniproject\\oz_react_mini_10\\node_modules\\@esbuild\\darwin-x64'
241 silly reify ]
242 verbose reify failed optional dependency C:\Users\paradise\OneDrive\Desktop\miniproject\oz_react_mini_10\node_modules\@esbuild\darwin-arm64
243 silly reify mark deleted [
243 silly reify   'C:\\Users\\paradise\\OneDrive\\Desktop\\miniproject\\oz_react_mini_10\\node_modules\\@esbuild\\darwin-arm64'
243 silly reify ]
244 verbose reify failed optional dependency C:\Users\paradise\OneDrive\Desktop\miniproject\oz_react_mini_10\node_modules\@esbuild\android-x64
245 silly reify mark deleted [
245 silly reify   'C:\\Users\\paradise\\OneDrive\\Desktop\\miniproject\\oz_react_mini_10\\node_modules\\@esbuild\\android-x64'
245 silly reify ]
246 verbose reify failed optional dependency C:\Users\paradise\OneDrive\Desktop\miniproject\oz_react_mini_10\node_modules\@esbuild\android-arm64
247 silly reify mark deleted [
247 silly reify   'C:\\Users\\paradise\\OneDrive\\Desktop\\miniproject\\oz_react_mini_10\\node_modules\\@esbuild\\android-arm64'
247 silly reify ]
248 verbose reify failed optional dependency C:\Users\paradise\OneDrive\Desktop\miniproject\oz_react_mini_10\node_modules\@esbuild\android-arm
249 silly reify mark deleted [
249 silly reify   'C:\\Users\\paradise\\OneDrive\\Desktop\\miniproject\\oz_react_mini_10\\node_modules\\@esbuild\\android-arm'
249 silly reify ]
250 verbose reify failed optional dependency C:\Users\paradise\OneDrive\Desktop\miniproject\oz_react_mini_10\node_modules\@esbuild\aix-ppc64
251 silly reify mark deleted [
251 silly reify   'C:\\Users\\paradise\\OneDrive\\Desktop\\miniproject\\oz_react_mini_10\\node_modules\\@esbuild\\aix-ppc64'
251 silly reify ]
252 http cache math-intrinsics@https://registry.npmjs.org/math-intrinsics/-/math-intrinsics-1.1.0.tgz 0ms (cache hit)
253 http cache mime-db@https://registry.npmjs.org/mime-db/-/mime-db-1.52.0.tgz 0ms (cache hit)
254 http cache has-symbols@https://registry.npmjs.org/has-symbols/-/has-symbols-1.1.0.tgz 0ms (cache hit)
255 http cache dunder-proto@https://registry.npmjs.org/dunder-proto/-/dunder-proto-1.0.1.tgz 0ms (cache hit)
256 http cache gopd@https://registry.npmjs.org/gopd/-/gopd-1.2.0.tgz 0ms (cache hit)
257 http cache function-bind@https://registry.npmjs.org/function-bind/-/function-bind-1.1.2.tgz 0ms (cache hit)
258 http cache es-object-atoms@https://registry.npmjs.org/es-object-atoms/-/es-object-atoms-1.1.1.tgz 0ms (cache hit)
259 http cache get-proto@https://registry.npmjs.org/get-proto/-/get-proto-1.0.1.tgz 0ms (cache hit)
260 http cache es-define-property@https://registry.npmjs.org/es-define-property/-/es-define-property-1.0.1.tgz 0ms (cache hit)
261 http cache call-bind-apply-helpers@https://registry.npmjs.org/call-bind-apply-helpers/-/call-bind-apply-helpers-1.0.2.tgz 0ms (cache hit)
262 http cache hasown@https://registry.npmjs.org/hasown/-/hasown-2.0.2.tgz 0ms (cache hit)
263 http cache has-tostringtag@https://registry.npmjs.org/has-tostringtag/-/has-tostringtag-1.0.2.tgz 0ms (cache hit)
264 http cache get-intrinsic@https://registry.npmjs.org/get-intrinsic/-/get-intrinsic-1.3.0.tgz 0ms (cache hit)
265 http cache es-errors@https://registry.npmjs.org/es-errors/-/es-errors-1.3.0.tgz 0ms (cache hit)
266 http cache delayed-stream@https://registry.npmjs.org/delayed-stream/-/delayed-stream-1.0.0.tgz 0ms (cache hit)
267 http cache mime-types@https://registry.npmjs.org/mime-types/-/mime-types-2.1.35.tgz 0ms (cache hit)
268 http cache es-set-tostringtag@https://registry.npmjs.org/es-set-tostringtag/-/es-set-tostringtag-2.1.0.tgz 0ms (cache hit)
269 http cache combined-stream@https://registry.npmjs.org/combined-stream/-/combined-stream-1.0.8.tgz 0ms (cache hit)
270 http cache asynckit@https://registry.npmjs.org/asynckit/-/asynckit-0.4.0.tgz 0ms (cache hit)
271 http cache proxy-from-env@https://registry.npmjs.org/proxy-from-env/-/proxy-from-env-1.1.0.tgz 0ms (cache hit)
272 http cache form-data@https://registry.npmjs.org/form-data/-/form-data-4.0.2.tgz 1ms (cache hit)
273 http cache axios@https://registry.npmjs.org/axios/-/axios-1.9.0.tgz 0ms (cache hit)
274 http cache follow-redirects@https://registry.npmjs.org/follow-redirects/-/follow-redirects-1.15.9.tgz 0ms (cache hit)
275 silly tarball no local data for math-intrinsics@https://registry.npmjs.org/math-intrinsics/-/math-intrinsics-1.1.0.tgz. Extracting by manifest.
276 silly tarball no local data for mime-db@https://registry.npmjs.org/mime-db/-/mime-db-1.52.0.tgz. Extracting by manifest.
277 silly tarball no local data for has-symbols@https://registry.npmjs.org/has-symbols/-/has-symbols-1.1.0.tgz. Extracting by manifest.
278 silly tarball no local data for dunder-proto@https://registry.npmjs.org/dunder-proto/-/dunder-proto-1.0.1.tgz. Extracting by manifest.
279 silly tarball no local data for gopd@https://registry.npmjs.org/gopd/-/gopd-1.2.0.tgz. Extracting by manifest.
280 silly tarball no local data for function-bind@https://registry.npmjs.org/function-bind/-/function-bind-1.1.2.tgz. Extracting by manifest.
281 silly tarball no local data for es-object-atoms@https://registry.npmjs.org/es-object-atoms/-/es-object-atoms-1.1.1.tgz. Extracting by manifest.
282 silly tarball no local data for get-proto@https://registry.npmjs.org/get-proto/-/get-proto-1.0.1.tgz. Extracting by manifest.
283 silly tarball no local data for es-define-property@https://registry.npmjs.org/es-define-property/-/es-define-property-1.0.1.tgz. Extracting by manifest.
284 silly tarball no local data for call-bind-apply-helpers@https://registry.npmjs.org/call-bind-apply-helpers/-/call-bind-apply-helpers-1.0.2.tgz. Extracting by manifest.
285 silly tarball no local data for hasown@https://registry.npmjs.org/hasown/-/hasown-2.0.2.tgz. Extracting by manifest.
286 silly tarball no local data for has-tostringtag@https://registry.npmjs.org/has-tostringtag/-/has-tostringtag-1.0.2.tgz. Extracting by manifest.
287 silly tarball no local data for get-intrinsic@https://registry.npmjs.org/get-intrinsic/-/get-intrinsic-1.3.0.tgz. Extracting by manifest.
288 silly tarball no local data for es-errors@https://registry.npmjs.org/es-errors/-/es-errors-1.3.0.tgz. Extracting by manifest.
289 silly tarball no local data for delayed-stream@https://registry.npmjs.org/delayed-stream/-/delayed-stream-1.0.0.tgz. Extracting by manifest.
290 silly tarball no local data for mime-types@https://registry.npmjs.org/mime-types/-/mime-types-2.1.35.tgz. Extracting by manifest.
291 silly tarball no local data for es-set-tostringtag@https://registry.npmjs.org/es-set-tostringtag/-/es-set-tostringtag-2.1.0.tgz. Extracting by manifest.
292 silly tarball no local data for combined-stream@https://registry.npmjs.org/combined-stream/-/combined-stream-1.0.8.tgz. Extracting by manifest.
293 silly tarball no local data for asynckit@https://registry.npmjs.org/asynckit/-/asynckit-0.4.0.tgz. Extracting by manifest.
294 silly tarball no local data for proxy-from-env@https://registry.npmjs.org/proxy-from-env/-/proxy-from-env-1.1.0.tgz. Extracting by manifest.
295 silly tarball no local data for form-data@https://registry.npmjs.org/form-data/-/form-data-4.0.2.tgz. Extracting by manifest.
296 silly tarball no local data for axios@https://registry.npmjs.org/axios/-/axios-1.9.0.tgz. Extracting by manifest.
297 silly tarball no local data for follow-redirects@https://registry.npmjs.org/follow-redirects/-/follow-redirects-1.15.9.tgz. Extracting by manifest.
298 http fetch POST 200 https://registry.npmjs.org/-/npm/v1/security/advisories/bulk 313ms
299 silly audit report {}
300 http fetch GET 200 https://registry.npmjs.org/function-bind/-/function-bind-1.1.2.tgz 457ms (cache miss)
301 http fetch GET 200 https://registry.npmjs.org/es-set-tostringtag/-/es-set-tostringtag-2.1.0.tgz 456ms (cache miss)
302 http fetch GET 200 https://registry.npmjs.org/mime-types/-/mime-types-2.1.35.tgz 518ms (cache miss)
303 http fetch GET 200 https://registry.npmjs.org/combined-stream/-/combined-stream-1.0.8.tgz 542ms (cache miss)
304 http fetch GET 200 https://registry.npmjs.org/delayed-stream/-/delayed-stream-1.0.0.tgz 600ms (cache miss)
305 http fetch GET 200 https://registry.npmjs.org/proxy-from-env/-/proxy-from-env-1.1.0.tgz 631ms (cache miss)
306 http fetch GET 200 https://registry.npmjs.org/follow-redirects/-/follow-redirects-1.15.9.tgz 674ms (cache miss)
307 http fetch GET 200 https://registry.npmjs.org/form-data/-/form-data-4.0.2.tgz 770ms (cache miss)
308 http fetch GET 200 https://registry.npmjs.org/gopd/-/gopd-1.2.0.tgz 822ms (cache miss)
309 http fetch GET 200 https://registry.npmjs.org/hasown/-/hasown-2.0.2.tgz 828ms (cache miss)
310 http fetch GET 200 https://registry.npmjs.org/get-intrinsic/-/get-intrinsic-1.3.0.tgz 863ms (cache miss)
311 http fetch GET 200 https://registry.npmjs.org/mime-db/-/mime-db-1.52.0.tgz 876ms (cache miss)
312 http fetch GET 200 https://registry.npmjs.org/es-define-property/-/es-define-property-1.0.1.tgz 875ms (cache miss)
313 http fetch GET 200 https://registry.npmjs.org/dunder-proto/-/dunder-proto-1.0.1.tgz 900ms (cache miss)
314 http fetch GET 200 https://registry.npmjs.org/es-object-atoms/-/es-object-atoms-1.1.1.tgz 964ms (cache miss)
315 http fetch GET 200 https://registry.npmjs.org/get-proto/-/get-proto-1.0.1.tgz 979ms (cache miss)
316 http fetch GET 200 https://registry.npmjs.org/has-tostringtag/-/has-tostringtag-1.0.2.tgz 990ms (cache miss)
317 http fetch GET 200 https://registry.npmjs.org/asynckit/-/asynckit-0.4.0.tgz 1043ms (cache miss)
318 http fetch GET 200 https://registry.npmjs.org/es-errors/-/es-errors-1.3.0.tgz 1087ms (cache miss)
319 http fetch GET 200 https://registry.npmjs.org/call-bind-apply-helpers/-/call-bind-apply-helpers-1.0.2.tgz 1104ms (cache miss)
320 http fetch GET 200 https://registry.npmjs.org/has-symbols/-/has-symbols-1.1.0.tgz 1114ms (cache miss)
321 http fetch GET 200 https://registry.npmjs.org/math-intrinsics/-/math-intrinsics-1.1.0.tgz 1194ms (cache miss)
322 http fetch GET 200 https://registry.npmjs.org/axios/-/axios-1.9.0.tgz 2019ms (cache miss)
323 silly ADD node_modules/mime-db
324 silly ADD node_modules/dunder-proto
325 silly ADD node_modules/math-intrinsics
326 silly ADD node_modules/has-symbols
327 silly ADD node_modules/gopd
328 silly ADD node_modules/get-proto
329 silly ADD node_modules/function-bind
330 silly ADD node_modules/es-object-atoms
331 silly ADD node_modules/es-define-property
332 silly ADD node_modules/call-bind-apply-helpers
333 silly ADD node_modules/hasown
334 silly ADD node_modules/has-tostringtag
335 silly ADD node_modules/get-intrinsic
336 silly ADD node_modules/es-errors
337 silly ADD node_modules/delayed-stream
338 silly ADD node_modules/mime-types
339 silly ADD node_modules/es-set-tostringtag
340 silly ADD node_modules/combined-stream
341 silly ADD node_modules/asynckit
342 silly ADD node_modules/proxy-from-env
343 silly ADD node_modules/form-data
344 silly ADD node_modules/follow-redirects
345 silly ADD node_modules/axios
346 silly ADD node_modules/fsevents
347 silly ADD node_modules/@rollup/rollup-win32-ia32-msvc
348 silly ADD node_modules/@rollup/rollup-win32-arm64-msvc
349 silly ADD node_modules/@rollup/rollup-linux-x64-musl
350 silly ADD node_modules/@rollup/rollup-linux-x64-gnu
351 silly ADD node_modules/@rollup/rollup-linux-s390x-gnu
352 silly ADD node_modules/@rollup/rollup-linux-riscv64-musl
353 silly ADD node_modules/@rollup/rollup-linux-riscv64-gnu
354 silly ADD node_modules/@rollup/rollup-linux-powerpc64le-gnu
355 silly ADD node_modules/@rollup/rollup-linux-loongarch64-gnu
356 silly ADD node_modules/@rollup/rollup-linux-arm64-musl
357 silly ADD node_modules/@rollup/rollup-linux-arm64-gnu
358 silly ADD node_modules/@rollup/rollup-linux-arm-musleabihf
359 silly ADD node_modules/@rollup/rollup-linux-arm-gnueabihf
360 silly ADD node_modules/@rollup/rollup-freebsd-x64
361 silly ADD node_modules/@rollup/rollup-freebsd-arm64
362 silly ADD node_modules/@rollup/rollup-darwin-x64
363 silly ADD node_modules/@rollup/rollup-darwin-arm64
364 silly ADD node_modules/@rollup/rollup-android-arm64
365 silly ADD node_modules/@rollup/rollup-android-arm-eabi
366 silly ADD node_modules/@parcel/watcher-win32-ia32
367 silly ADD node_modules/@parcel/watcher-win32-arm64
368 silly ADD node_modules/@parcel/watcher-linux-x64-musl
369 silly ADD node_modules/@parcel/watcher-linux-x64-glibc
370 silly ADD node_modules/@parcel/watcher-linux-arm64-musl
371 silly ADD node_modules/@parcel/watcher-linux-arm64-glibc
372 silly ADD node_modules/@parcel/watcher-linux-arm-musl
373 silly ADD node_modules/@parcel/watcher-linux-arm-glibc
374 silly ADD node_modules/@parcel/watcher-freebsd-x64
375 silly ADD node_modules/@parcel/watcher-darwin-x64
376 silly ADD node_modules/@parcel/watcher-darwin-arm64
377 silly ADD node_modules/@parcel/watcher-android-arm64
378 silly ADD node_modules/@esbuild/win32-ia32
379 silly ADD node_modules/@esbuild/win32-arm64
380 silly ADD node_modules/@esbuild/sunos-x64
381 silly ADD node_modules/@esbuild/openbsd-x64
382 silly ADD node_modules/@esbuild/openbsd-arm64
383 silly ADD node_modules/@esbuild/netbsd-x64
384 silly ADD node_modules/@esbuild/netbsd-arm64
385 silly ADD node_modules/@esbuild/linux-x64
386 silly ADD node_modules/@esbuild/linux-s390x
387 silly ADD node_modules/@esbuild/linux-riscv64
388 silly ADD node_modules/@esbuild/linux-ppc64
389 silly ADD node_modules/@esbuild/linux-mips64el
390 silly ADD node_modules/@esbuild/linux-loong64
391 silly ADD node_modules/@esbuild/linux-ia32
392 silly ADD node_modules/@esbuild/linux-arm64
393 silly ADD node_modules/@esbuild/linux-arm
394 silly ADD node_modules/@esbuild/freebsd-x64
395 silly ADD node_modules/@esbuild/freebsd-arm64
396 silly ADD node_modules/@esbuild/darwin-x64
397 silly ADD node_modules/@esbuild/darwin-arm64
398 silly ADD node_modules/@esbuild/android-x64
399 silly ADD node_modules/@esbuild/android-arm64
400 silly ADD node_modules/@esbuild/android-arm
401 silly ADD node_modules/@esbuild/aix-ppc64
402 verbose cwd C:\Users\paradise\OneDrive\Desktop\miniproject\oz_react_mini_10
403 verbose os Windows_NT 10.0.22631
404 verbose node v22.15.0
405 verbose npm  v11.3.0
406 verbose exit 0
407 info ok
