0 verbose cli C:\Program Files\nodejs\node.exe C:\Users\paradise\AppData\Roaming\npm\node_modules\npm\bin\npm-cli.js
1 info using npm@11.3.0
2 info using node@v22.15.0
3 silly config load:file:C:\Users\paradise\AppData\Roaming\npm\node_modules\npm\npmrc
4 silly config load:file:C:\Users\paradise\OneDrive\Desktop\miniproject\oz_react_mini_10\.npmrc
5 silly config load:file:C:\Users\paradise\.npmrc
6 silly config load:file:C:\Users\paradise\AppData\Roaming\npm\etc\npmrc
7 verbose title npm install axios
8 verbose argv "install" "axios"
9 verbose logfile logs-max:10 dir:C:\Users\paradise\OneDrive\Desktop\miniproject\oz_react_mini_10\npm-cache\_logs\2025-05-07T06_40_08_323Z-
10 verbose logfile C:\Users\paradise\OneDrive\Desktop\miniproject\oz_react_mini_10\npm-cache\_logs\2025-05-07T06_40_08_323Z-debug-0.log
11 silly logfile done cleaning log files
12 silly packumentCache heap:4345298944 maxSize:1086324736 maxEntrySize:543162368
13 silly idealTree buildDeps
14 silly fetch manifest axios@^1.9.0
15 silly packumentCache full:https://registry.npmjs.org/axios cache-miss
16 http cache https://registry.npmjs.org/axios 72ms (cache hit)
17 silly packumentCache full:https://registry.npmjs.org/axios set size:660188 disposed:false
18 silly placeDep ROOT axios@1.9.0 REPLACE for: my-app@0.0.0 want: ^1.9.0
19 silly reify moves {}
20 silly audit bulk request {
20 silly audit   '@ampproject/remapping': [ '2.3.0' ],
20 silly audit   '@babel/code-frame': [ '7.27.1' ],
20 silly audit   '@babel/compat-data': [ '7.27.1' ],
20 silly audit   '@babel/core': [ '7.27.1' ],
20 silly audit   '@babel/generator': [ '7.27.1' ],
20 silly audit   '@babel/helper-compilation-targets': [ '7.27.1' ],
20 silly audit   '@babel/helper-module-imports': [ '7.27.1' ],
20 silly audit   '@babel/helper-module-transforms': [ '7.27.1' ],
20 silly audit   '@babel/helper-plugin-utils': [ '7.27.1' ],
20 silly audit   '@babel/helper-string-parser': [ '7.27.1' ],
20 silly audit   '@babel/helper-validator-identifier': [ '7.27.1' ],
20 silly audit   '@babel/helper-validator-option': [ '7.27.1' ],
20 silly audit   '@babel/helpers': [ '7.27.1' ],
20 silly audit   '@babel/parser': [ '7.27.1' ],
20 silly audit   '@babel/plugin-transform-react-jsx-self': [ '7.27.1' ],
20 silly audit   '@babel/plugin-transform-react-jsx-source': [ '7.27.1' ],
20 silly audit   '@babel/template': [ '7.27.1' ],
20 silly audit   '@babel/traverse': [ '7.27.1' ],
20 silly audit   globals: [ '11.12.0', '14.0.0', '16.0.0' ],
20 silly audit   '@babel/types': [ '7.27.1' ],
20 silly audit   '@esbuild/aix-ppc64': [ '0.25.3' ],
20 silly audit   '@esbuild/android-arm': [ '0.25.3' ],
20 silly audit   '@esbuild/android-arm64': [ '0.25.3' ],
20 silly audit   '@esbuild/android-x64': [ '0.25.3' ],
20 silly audit   '@esbuild/darwin-arm64': [ '0.25.3' ],
20 silly audit   '@esbuild/darwin-x64': [ '0.25.3' ],
20 silly audit   '@esbuild/freebsd-arm64': [ '0.25.3' ],
20 silly audit   '@esbuild/freebsd-x64': [ '0.25.3' ],
20 silly audit   '@esbuild/linux-arm': [ '0.25.3' ],
20 silly audit   '@esbuild/linux-arm64': [ '0.25.3' ],
20 silly audit   '@esbuild/linux-ia32': [ '0.25.3' ],
20 silly audit   '@esbuild/linux-loong64': [ '0.25.3' ],
20 silly audit   '@esbuild/linux-mips64el': [ '0.25.3' ],
20 silly audit   '@esbuild/linux-ppc64': [ '0.25.3' ],
20 silly audit   '@esbuild/linux-riscv64': [ '0.25.3' ],
20 silly audit   '@esbuild/linux-s390x': [ '0.25.3' ],
20 silly audit   '@esbuild/linux-x64': [ '0.25.3' ],
20 silly audit   '@esbuild/netbsd-arm64': [ '0.25.3' ],
20 silly audit   '@esbuild/netbsd-x64': [ '0.25.3' ],
20 silly audit   '@esbuild/openbsd-arm64': [ '0.25.3' ],
20 silly audit   '@esbuild/openbsd-x64': [ '0.25.3' ],
20 silly audit   '@esbuild/sunos-x64': [ '0.25.3' ],
20 silly audit   '@esbuild/win32-arm64': [ '0.25.3' ],
20 silly audit   '@esbuild/win32-ia32': [ '0.25.3' ],
20 silly audit   '@esbuild/win32-x64': [ '0.25.3' ],
20 silly audit   '@eslint-community/eslint-utils': [ '4.6.1' ],
20 silly audit   'eslint-visitor-keys': [ '3.4.3', '4.2.0' ],
20 silly audit   '@eslint-community/regexpp': [ '4.12.1' ],
20 silly audit   '@eslint/config-array': [ '0.20.0' ],
20 silly audit   '@eslint/config-helpers': [ '0.2.2' ],
20 silly audit   '@eslint/core': [ '0.13.0' ],
20 silly audit   '@eslint/eslintrc': [ '3.3.1' ],
20 silly audit   '@eslint/js': [ '9.25.1' ],
20 silly audit   '@eslint/object-schema': [ '2.1.6' ],
20 silly audit   '@eslint/plugin-kit': [ '0.2.8' ],
20 silly audit   '@humanfs/core': [ '0.19.1' ],
20 silly audit   '@humanfs/node': [ '0.16.6' ],
20 silly audit   '@humanwhocodes/retry': [ '0.3.1', '0.4.2' ],
20 silly audit   '@humanwhocodes/module-importer': [ '1.0.1' ],
20 silly audit   '@jridgewell/gen-mapping': [ '0.3.8' ],
20 silly audit   '@jridgewell/resolve-uri': [ '3.1.2' ],
20 silly audit   '@jridgewell/set-array': [ '1.2.1' ],
20 silly audit   '@jridgewell/sourcemap-codec': [ '1.5.0' ],
20 silly audit   '@jridgewell/trace-mapping': [ '0.3.25' ],
20 silly audit   '@parcel/watcher': [ '2.5.1' ],
20 silly audit   '@parcel/watcher-android-arm64': [ '2.5.1' ],
20 silly audit   '@parcel/watcher-darwin-arm64': [ '2.5.1' ],
20 silly audit   '@parcel/watcher-darwin-x64': [ '2.5.1' ],
20 silly audit   '@parcel/watcher-freebsd-x64': [ '2.5.1' ],
20 silly audit   '@parcel/watcher-linux-arm-glibc': [ '2.5.1' ],
20 silly audit   '@parcel/watcher-linux-arm-musl': [ '2.5.1' ],
20 silly audit   '@parcel/watcher-linux-arm64-glibc': [ '2.5.1' ],
20 silly audit   '@parcel/watcher-linux-arm64-musl': [ '2.5.1' ],
20 silly audit   '@parcel/watcher-linux-x64-glibc': [ '2.5.1' ],
20 silly audit   '@parcel/watcher-linux-x64-musl': [ '2.5.1' ],
20 silly audit   '@parcel/watcher-win32-arm64': [ '2.5.1' ],
20 silly audit   '@parcel/watcher-win32-ia32': [ '2.5.1' ],
20 silly audit   '@parcel/watcher-win32-x64': [ '2.5.1' ],
20 silly audit   '@rollup/rollup-android-arm-eabi': [ '4.40.1' ],
20 silly audit   '@rollup/rollup-android-arm64': [ '4.40.1' ],
20 silly audit   '@rollup/rollup-darwin-arm64': [ '4.40.1' ],
20 silly audit   '@rollup/rollup-darwin-x64': [ '4.40.1' ],
20 silly audit   '@rollup/rollup-freebsd-arm64': [ '4.40.1' ],
20 silly audit   '@rollup/rollup-freebsd-x64': [ '4.40.1' ],
20 silly audit   '@rollup/rollup-linux-arm-gnueabihf': [ '4.40.1' ],
20 silly audit   '@rollup/rollup-linux-arm-musleabihf': [ '4.40.1' ],
20 silly audit   '@rollup/rollup-linux-arm64-gnu': [ '4.40.1' ],
20 silly audit   '@rollup/rollup-linux-arm64-musl': [ '4.40.1' ],
20 silly audit   '@rollup/rollup-linux-loongarch64-gnu': [ '4.40.1' ],
20 silly audit   '@rollup/rollup-linux-powerpc64le-gnu': [ '4.40.1' ],
20 silly audit   '@rollup/rollup-linux-riscv64-gnu': [ '4.40.1' ],
20 silly audit   '@rollup/rollup-linux-riscv64-musl': [ '4.40.1' ],
20 silly audit   '@rollup/rollup-linux-s390x-gnu': [ '4.40.1' ],
20 silly audit   '@rollup/rollup-linux-x64-gnu': [ '4.40.1' ],
20 silly audit   '@rollup/rollup-linux-x64-musl': [ '4.40.1' ],
20 silly audit   '@rollup/rollup-win32-arm64-msvc': [ '4.40.1' ],
20 silly audit   '@rollup/rollup-win32-ia32-msvc': [ '4.40.1' ],
20 silly audit   '@rollup/rollup-win32-x64-msvc': [ '4.40.1' ],
20 silly audit   '@types/babel__core': [ '7.20.5' ],
20 silly audit   '@types/babel__generator': [ '7.27.0' ],
20 silly audit   '@types/babel__template': [ '7.4.4' ],
20 silly audit   '@types/babel__traverse': [ '7.20.7' ],
20 silly audit   '@types/estree': [ '1.0.7' ],
20 silly audit   '@types/json-schema': [ '7.0.15' ],
20 silly audit   '@types/react': [ '19.1.2' ],
20 silly audit   '@types/react-dom': [ '19.1.3' ],
20 silly audit   '@vitejs/plugin-react': [ '4.4.1' ],
20 silly audit   acorn: [ '8.14.1' ],
20 silly audit   'acorn-jsx': [ '5.3.2' ],
20 silly audit   ajv: [ '6.12.6' ],
20 silly audit   'ansi-styles': [ '4.3.0' ],
20 silly audit   argparse: [ '2.0.1' ],
20 silly audit   asynckit: [ '0.4.0' ],
20 silly audit   autoprefixer: [ '10.4.21' ],
20 silly audit   'balanced-match': [ '1.0.2' ],
20 silly audit   'brace-expansion': [ '1.1.11' ],
20 silly audit   braces: [ '3.0.3' ],
20 silly audit   browserslist: [ '4.24.4' ],
20 silly audit   'call-bind-apply-helpers': [ '1.0.2' ],
20 silly audit   callsites: [ '3.1.0' ],
20 silly audit   'caniuse-lite': [ '1.0.30001716' ],
20 silly audit   chalk: [ '4.1.2' ],
20 silly audit   chokidar: [ '4.0.3' ],
20 silly audit   'color-convert': [ '2.0.1' ],
20 silly audit   'color-name': [ '1.1.4' ],
20 silly audit   'combined-stream': [ '1.0.8' ],
20 silly audit   'concat-map': [ '0.0.1' ],
20 silly audit   'convert-source-map': [ '2.0.0' ],
20 silly audit   cookie: [ '1.0.2' ],
20 silly audit   'cross-spawn': [ '7.0.6' ],
20 silly audit   csstype: [ '3.1.3' ],
20 silly audit   debug: [ '4.4.0' ],
20 silly audit   'deep-is': [ '0.1.4' ],
20 silly audit   'delayed-stream': [ '1.0.0' ],
20 silly audit   'detect-libc': [ '1.0.3' ],
20 silly audit   dotenv: [ '16.5.0' ],
20 silly audit   'dunder-proto': [ '1.0.1' ],
20 silly audit   'electron-to-chromium': [ '1.5.149' ],
20 silly audit   'es-define-property': [ '1.0.1' ],
20 silly audit   'es-errors': [ '1.3.0' ],
20 silly audit   'es-object-atoms': [ '1.1.1' ],
20 silly audit   'es-set-tostringtag': [ '2.1.0' ],
20 silly audit   esbuild: [ '0.25.3' ],
20 silly audit   escalade: [ '3.2.0' ],
20 silly audit   'escape-string-regexp': [ '4.0.0' ],
20 silly audit   eslint: [ '9.25.1' ],
20 silly audit   'eslint-plugin-react-hooks': [ '5.2.0' ],
20 silly audit   'eslint-plugin-react-refresh': [ '0.4.20' ],
20 silly audit   'eslint-scope': [ '8.3.0' ],
20 silly audit   espree: [ '10.3.0' ],
20 silly audit   esquery: [ '1.6.0' ],
20 silly audit   esrecurse: [ '4.3.0' ],
20 silly audit   estraverse: [ '5.3.0' ],
20 silly audit   esutils: [ '2.0.3' ],
20 silly audit   'fast-deep-equal': [ '3.1.3' ],
20 silly audit   'fast-json-stable-stringify': [ '2.1.0' ],
20 silly audit   'fast-levenshtein': [ '2.0.6' ],
20 silly audit   fdir: [ '6.4.4' ],
20 silly audit   'file-entry-cache': [ '8.0.0' ],
20 silly audit   'fill-range': [ '7.1.1' ],
20 silly audit   'find-up': [ '5.0.0' ],
20 silly audit   'flat-cache': [ '4.0.1' ],
20 silly audit   flatted: [ '3.3.3' ],
20 silly audit   'follow-redirects': [ '1.15.9' ],
20 silly audit   'form-data': [ '4.0.2' ],
20 silly audit   'fraction.js': [ '4.3.7' ],
20 silly audit   fsevents: [ '2.3.3' ],
20 silly audit   'function-bind': [ '1.1.2' ],
20 silly audit   gensync: [ '1.0.0-beta.2' ],
20 silly audit   'get-intrinsic': [ '1.3.0' ],
20 silly audit   'get-proto': [ '1.0.1' ],
20 silly audit   'glob-parent': [ '6.0.2' ],
20 silly audit   gopd: [ '1.2.0' ],
20 silly audit   'has-flag': [ '4.0.0' ],
20 silly audit   'has-symbols': [ '1.1.0' ],
20 silly audit   'has-tostringtag': [ '1.0.2' ],
20 silly audit   hasown: [ '2.0.2' ],
20 silly audit   ignore: [ '5.3.2' ],
20 silly audit   immutable: [ '5.1.1' ],
20 silly audit   'import-fresh': [ '3.3.1' ],
20 silly audit   imurmurhash: [ '0.1.4' ],
20 silly audit   'is-extglob': [ '2.1.1' ],
20 silly audit   'is-glob': [ '4.0.3' ],
20 silly audit   'is-number': [ '7.0.0' ],
20 silly audit   isexe: [ '2.0.0' ],
20 silly audit   'js-tokens': [ '4.0.0' ],
20 silly audit   'js-yaml': [ '4.1.0' ],
20 silly audit   jsesc: [ '3.1.0' ],
20 silly audit   'json-buffer': [ '3.0.1' ],
20 silly audit   'json-schema-traverse': [ '0.4.1' ],
20 silly audit   'json-stable-stringify-without-jsonify': [ '1.0.1' ],
20 silly audit   json5: [ '2.2.3' ],
20 silly audit   keyv: [ '4.5.4' ],
20 silly audit   levn: [ '0.4.1' ],
20 silly audit   'locate-path': [ '6.0.0' ],
20 silly audit   'lodash.merge': [ '4.6.2' ],
20 silly audit   'lru-cache': [ '5.1.1' ],
20 silly audit   'math-intrinsics': [ '1.1.0' ],
20 silly audit   micromatch: [ '4.0.8' ],
20 silly audit   picomatch: [ '2.3.1', '4.0.2' ],
20 silly audit   'mime-db': [ '1.52.0' ],
20 silly audit   'mime-types': [ '2.1.35' ],
20 silly audit   minimatch: [ '3.1.2' ],
20 silly audit   ms: [ '2.1.3' ],
20 silly audit   nanoid: [ '3.3.11' ],
20 silly audit   'natural-compare': [ '1.4.0' ],
20 silly audit   'node-addon-api': [ '7.1.1' ],
20 silly audit   'node-releases': [ '2.0.19' ],
20 silly audit   'normalize-range': [ '0.1.2' ],
20 silly audit   optionator: [ '0.9.4' ],
20 silly audit   'p-limit': [ '3.1.0' ],
20 silly audit   'p-locate': [ '5.0.0' ],
20 silly audit   'parent-module': [ '1.0.1' ],
20 silly audit   'path-exists': [ '4.0.0' ],
20 silly audit   'path-key': [ '3.1.1' ],
20 silly audit   picocolors: [ '1.1.1' ],
20 silly audit   postcss: [ '8.5.3' ],
20 silly audit   'postcss-value-parser': [ '4.2.0' ],
20 silly audit   'prelude-ls': [ '1.2.1' ],
20 silly audit   'proxy-from-env': [ '1.1.0' ],
20 silly audit   punycode: [ '2.3.1' ],
20 silly audit   react: [ '19.1.0' ],
20 silly audit   'react-dom': [ '19.1.0' ],
20 silly audit   'react-refresh': [ '0.17.0' ],
20 silly audit   'react-router': [ '7.5.3' ],
20 silly audit   'react-router-dom': [ '7.5.3' ],
20 silly audit   readdirp: [ '4.1.2' ],
20 silly audit   'resolve-from': [ '4.0.0' ],
20 silly audit   rollup: [ '4.40.1' ],
20 silly audit   sass: [ '1.87.0' ],
20 silly audit   scheduler: [ '0.26.0' ],
20 silly audit   semver: [ '6.3.1' ],
20 silly audit   'set-cookie-parser': [ '2.7.1' ],
20 silly audit   'shebang-command': [ '2.0.0' ],
20 silly audit   'shebang-regex': [ '3.0.0' ],
20 silly audit   'source-map-js': [ '1.2.1' ],
20 silly audit   'strip-json-comments': [ '3.1.1' ],
20 silly audit   'supports-color': [ '7.2.0' ],
20 silly audit   tailwindcss: [ '4.1.5' ],
20 silly audit   tinyglobby: [ '0.2.13' ],
20 silly audit   'to-regex-range': [ '5.0.1' ],
20 silly audit   'turbo-stream': [ '2.4.0' ],
20 silly audit   'type-check': [ '0.4.0' ],
20 silly audit   'update-browserslist-db': [ '1.1.3' ],
20 silly audit   'uri-js': [ '4.4.1' ],
20 silly audit   vite: [ '6.3.4' ],
20 silly audit   which: [ '2.0.2' ],
20 silly audit   'word-wrap': [ '1.2.5' ],
20 silly audit   yallist: [ '3.1.1' ],
20 silly audit   'yocto-queue': [ '0.1.0' ],
20 silly audit   axios: [ '1.9.0' ]
20 silly audit }
21 http fetch POST 200 https://registry.npmjs.org/-/npm/v1/security/advisories/bulk 378ms
22 silly audit report {}
23 verbose cwd C:\Users\paradise\OneDrive\Desktop\miniproject\oz_react_mini_10
24 verbose os Windows_NT 10.0.22631
25 verbose node v22.15.0
26 verbose npm  v11.3.0
27 verbose exit 0
28 info ok
