0 verbose cli C:\Program Files\nodejs\node.exe C:\Users\paradise\AppData\Roaming\npm\node_modules\npm\bin\npm-cli.js
1 info using npm@11.3.0
2 info using node@v22.15.0
3 silly config load:file:C:\Users\paradise\AppData\Roaming\npm\node_modules\npm\npmrc
4 silly config load:file:C:\Users\paradise\OneDrive\Desktop\miniproject\oz_react_mini_10\.npmrc
5 silly config load:file:C:\Users\paradise\.npmrc
6 silly config load:file:C:\Users\paradise\AppData\Roaming\npm\etc\npmrc
7 verbose title npm prune
8 verbose argv "prune"
9 verbose logfile logs-max:10 dir:C:\Users\paradise\OneDrive\Desktop\miniproject\oz_react_mini_10\npm-cache\_logs\2025-05-07T07_52_28_841Z-
10 verbose logfile C:\Users\paradise\OneDrive\Desktop\miniproject\oz_react_mini_10\npm-cache\_logs\2025-05-07T07_52_28_841Z-debug-0.log
11 silly logfile done cleaning log files
12 silly packumentCache heap:4345298944 maxSize:1086324736 maxEntrySize:543162368
13 silly idealTree buildDeps
14 verbose shrinkwrap failed to load node_modules/.package-lock.json out of date, updated: node_modules/asynckit
15 silly reify moves {}
16 silly audit bulk request {
16 silly audit   '@ampproject/remapping': [ '2.3.0' ],
16 silly audit   '@babel/code-frame': [ '7.27.1' ],
16 silly audit   '@babel/compat-data': [ '7.27.1' ],
16 silly audit   '@babel/core': [ '7.27.1' ],
16 silly audit   '@babel/generator': [ '7.27.1' ],
16 silly audit   '@babel/helper-compilation-targets': [ '7.27.1' ],
16 silly audit   '@babel/helper-module-imports': [ '7.27.1' ],
16 silly audit   '@babel/helper-module-transforms': [ '7.27.1' ],
16 silly audit   '@babel/helper-plugin-utils': [ '7.27.1' ],
16 silly audit   '@babel/helper-string-parser': [ '7.27.1' ],
16 silly audit   '@babel/helper-validator-identifier': [ '7.27.1' ],
16 silly audit   '@babel/helper-validator-option': [ '7.27.1' ],
16 silly audit   '@babel/helpers': [ '7.27.1' ],
16 silly audit   '@babel/parser': [ '7.27.1' ],
16 silly audit   '@babel/plugin-transform-react-jsx-self': [ '7.27.1' ],
16 silly audit   '@babel/plugin-transform-react-jsx-source': [ '7.27.1' ],
16 silly audit   '@babel/template': [ '7.27.1' ],
16 silly audit   '@babel/traverse': [ '7.27.1' ],
16 silly audit   globals: [ '11.12.0', '14.0.0', '16.0.0' ],
16 silly audit   '@babel/types': [ '7.27.1' ],
16 silly audit   '@esbuild/aix-ppc64': [ '0.25.3' ],
16 silly audit   '@esbuild/android-arm': [ '0.25.3' ],
16 silly audit   '@esbuild/android-arm64': [ '0.25.3' ],
16 silly audit   '@esbuild/android-x64': [ '0.25.3' ],
16 silly audit   '@esbuild/darwin-arm64': [ '0.25.3' ],
16 silly audit   '@esbuild/darwin-x64': [ '0.25.3' ],
16 silly audit   '@esbuild/freebsd-arm64': [ '0.25.3' ],
16 silly audit   '@esbuild/freebsd-x64': [ '0.25.3' ],
16 silly audit   '@esbuild/linux-arm': [ '0.25.3' ],
16 silly audit   '@esbuild/linux-arm64': [ '0.25.3' ],
16 silly audit   '@esbuild/linux-ia32': [ '0.25.3' ],
16 silly audit   '@esbuild/linux-loong64': [ '0.25.3' ],
16 silly audit   '@esbuild/linux-mips64el': [ '0.25.3' ],
16 silly audit   '@esbuild/linux-ppc64': [ '0.25.3' ],
16 silly audit   '@esbuild/linux-riscv64': [ '0.25.3' ],
16 silly audit   '@esbuild/linux-s390x': [ '0.25.3' ],
16 silly audit   '@esbuild/linux-x64': [ '0.25.3' ],
16 silly audit   '@esbuild/netbsd-arm64': [ '0.25.3' ],
16 silly audit   '@esbuild/netbsd-x64': [ '0.25.3' ],
16 silly audit   '@esbuild/openbsd-arm64': [ '0.25.3' ],
16 silly audit   '@esbuild/openbsd-x64': [ '0.25.3' ],
16 silly audit   '@esbuild/sunos-x64': [ '0.25.3' ],
16 silly audit   '@esbuild/win32-arm64': [ '0.25.3' ],
16 silly audit   '@esbuild/win32-ia32': [ '0.25.3' ],
16 silly audit   '@esbuild/win32-x64': [ '0.25.3' ],
16 silly audit   '@eslint-community/eslint-utils': [ '4.6.1' ],
16 silly audit   'eslint-visitor-keys': [ '3.4.3', '4.2.0' ],
16 silly audit   '@eslint-community/regexpp': [ '4.12.1' ],
16 silly audit   '@eslint/config-array': [ '0.20.0' ],
16 silly audit   '@eslint/config-helpers': [ '0.2.2' ],
16 silly audit   '@eslint/core': [ '0.13.0' ],
16 silly audit   '@eslint/eslintrc': [ '3.3.1' ],
16 silly audit   '@eslint/js': [ '9.25.1' ],
16 silly audit   '@eslint/object-schema': [ '2.1.6' ],
16 silly audit   '@eslint/plugin-kit': [ '0.2.8' ],
16 silly audit   '@humanfs/core': [ '0.19.1' ],
16 silly audit   '@humanfs/node': [ '0.16.6' ],
16 silly audit   '@humanwhocodes/retry': [ '0.3.1', '0.4.2' ],
16 silly audit   '@humanwhocodes/module-importer': [ '1.0.1' ],
16 silly audit   '@jridgewell/gen-mapping': [ '0.3.8' ],
16 silly audit   '@jridgewell/resolve-uri': [ '3.1.2' ],
16 silly audit   '@jridgewell/set-array': [ '1.2.1' ],
16 silly audit   '@jridgewell/sourcemap-codec': [ '1.5.0' ],
16 silly audit   '@jridgewell/trace-mapping': [ '0.3.25' ],
16 silly audit   '@parcel/watcher': [ '2.5.1' ],
16 silly audit   '@parcel/watcher-android-arm64': [ '2.5.1' ],
16 silly audit   '@parcel/watcher-darwin-arm64': [ '2.5.1' ],
16 silly audit   '@parcel/watcher-darwin-x64': [ '2.5.1' ],
16 silly audit   '@parcel/watcher-freebsd-x64': [ '2.5.1' ],
16 silly audit   '@parcel/watcher-linux-arm-glibc': [ '2.5.1' ],
16 silly audit   '@parcel/watcher-linux-arm-musl': [ '2.5.1' ],
16 silly audit   '@parcel/watcher-linux-arm64-glibc': [ '2.5.1' ],
16 silly audit   '@parcel/watcher-linux-arm64-musl': [ '2.5.1' ],
16 silly audit   '@parcel/watcher-linux-x64-glibc': [ '2.5.1' ],
16 silly audit   '@parcel/watcher-linux-x64-musl': [ '2.5.1' ],
16 silly audit   '@parcel/watcher-win32-arm64': [ '2.5.1' ],
16 silly audit   '@parcel/watcher-win32-ia32': [ '2.5.1' ],
16 silly audit   '@parcel/watcher-win32-x64': [ '2.5.1' ],
16 silly audit   '@rollup/rollup-android-arm-eabi': [ '4.40.1' ],
16 silly audit   '@rollup/rollup-android-arm64': [ '4.40.1' ],
16 silly audit   '@rollup/rollup-darwin-arm64': [ '4.40.1' ],
16 silly audit   '@rollup/rollup-darwin-x64': [ '4.40.1' ],
16 silly audit   '@rollup/rollup-freebsd-arm64': [ '4.40.1' ],
16 silly audit   '@rollup/rollup-freebsd-x64': [ '4.40.1' ],
16 silly audit   '@rollup/rollup-linux-arm-gnueabihf': [ '4.40.1' ],
16 silly audit   '@rollup/rollup-linux-arm-musleabihf': [ '4.40.1' ],
16 silly audit   '@rollup/rollup-linux-arm64-gnu': [ '4.40.1' ],
16 silly audit   '@rollup/rollup-linux-arm64-musl': [ '4.40.1' ],
16 silly audit   '@rollup/rollup-linux-loongarch64-gnu': [ '4.40.1' ],
16 silly audit   '@rollup/rollup-linux-powerpc64le-gnu': [ '4.40.1' ],
16 silly audit   '@rollup/rollup-linux-riscv64-gnu': [ '4.40.1' ],
16 silly audit   '@rollup/rollup-linux-riscv64-musl': [ '4.40.1' ],
16 silly audit   '@rollup/rollup-linux-s390x-gnu': [ '4.40.1' ],
16 silly audit   '@rollup/rollup-linux-x64-gnu': [ '4.40.1' ],
16 silly audit   '@rollup/rollup-linux-x64-musl': [ '4.40.1' ],
16 silly audit   '@rollup/rollup-win32-arm64-msvc': [ '4.40.1' ],
16 silly audit   '@rollup/rollup-win32-ia32-msvc': [ '4.40.1' ],
16 silly audit   '@rollup/rollup-win32-x64-msvc': [ '4.40.1' ],
16 silly audit   '@types/babel__core': [ '7.20.5' ],
16 silly audit   '@types/babel__generator': [ '7.27.0' ],
16 silly audit   '@types/babel__template': [ '7.4.4' ],
16 silly audit   '@types/babel__traverse': [ '7.20.7' ],
16 silly audit   '@types/estree': [ '1.0.7' ],
16 silly audit   '@types/json-schema': [ '7.0.15' ],
16 silly audit   '@types/react': [ '19.1.2' ],
16 silly audit   '@types/react-dom': [ '19.1.3' ],
16 silly audit   '@vitejs/plugin-react': [ '4.4.1' ],
16 silly audit   acorn: [ '8.14.1' ],
16 silly audit   'acorn-jsx': [ '5.3.2' ],
16 silly audit   ajv: [ '6.12.6' ],
16 silly audit   'ansi-styles': [ '4.3.0' ],
16 silly audit   argparse: [ '2.0.1' ],
16 silly audit   asynckit: [ '0.4.0' ],
16 silly audit   autoprefixer: [ '10.4.21' ],
16 silly audit   axios: [ '1.9.0' ],
16 silly audit   'balanced-match': [ '1.0.2' ],
16 silly audit   'brace-expansion': [ '1.1.11' ],
16 silly audit   braces: [ '3.0.3' ],
16 silly audit   browserslist: [ '4.24.4' ],
16 silly audit   'call-bind-apply-helpers': [ '1.0.2' ],
16 silly audit   callsites: [ '3.1.0' ],
16 silly audit   'caniuse-lite': [ '1.0.30001716' ],
16 silly audit   chalk: [ '4.1.2' ],
16 silly audit   chokidar: [ '4.0.3' ],
16 silly audit   'color-convert': [ '2.0.1' ],
16 silly audit   'color-name': [ '1.1.4' ],
16 silly audit   'combined-stream': [ '1.0.8' ],
16 silly audit   'concat-map': [ '0.0.1' ],
16 silly audit   'convert-source-map': [ '2.0.0' ],
16 silly audit   cookie: [ '1.0.2' ],
16 silly audit   'cross-spawn': [ '7.0.6' ],
16 silly audit   csstype: [ '3.1.3' ],
16 silly audit   debug: [ '4.4.0' ],
16 silly audit   'deep-is': [ '0.1.4' ],
16 silly audit   'delayed-stream': [ '1.0.0' ],
16 silly audit   'detect-libc': [ '1.0.3' ],
16 silly audit   dotenv: [ '16.5.0' ],
16 silly audit   'dunder-proto': [ '1.0.1' ],
16 silly audit   'electron-to-chromium': [ '1.5.149' ],
16 silly audit   'es-define-property': [ '1.0.1' ],
16 silly audit   'es-errors': [ '1.3.0' ],
16 silly audit   'es-object-atoms': [ '1.1.1' ],
16 silly audit   'es-set-tostringtag': [ '2.1.0' ],
16 silly audit   esbuild: [ '0.25.3' ],
16 silly audit   escalade: [ '3.2.0' ],
16 silly audit   'escape-string-regexp': [ '4.0.0' ],
16 silly audit   eslint: [ '9.25.1' ],
16 silly audit   'eslint-plugin-react-hooks': [ '5.2.0' ],
16 silly audit   'eslint-plugin-react-refresh': [ '0.4.20' ],
16 silly audit   'eslint-scope': [ '8.3.0' ],
16 silly audit   espree: [ '10.3.0' ],
16 silly audit   esquery: [ '1.6.0' ],
16 silly audit   esrecurse: [ '4.3.0' ],
16 silly audit   estraverse: [ '5.3.0' ],
16 silly audit   esutils: [ '2.0.3' ],
16 silly audit   'fast-deep-equal': [ '3.1.3' ],
16 silly audit   'fast-json-stable-stringify': [ '2.1.0' ],
16 silly audit   'fast-levenshtein': [ '2.0.6' ],
16 silly audit   fdir: [ '6.4.4' ],
16 silly audit   'file-entry-cache': [ '8.0.0' ],
16 silly audit   'fill-range': [ '7.1.1' ],
16 silly audit   'find-up': [ '5.0.0' ],
16 silly audit   'flat-cache': [ '4.0.1' ],
16 silly audit   flatted: [ '3.3.3' ],
16 silly audit   'follow-redirects': [ '1.15.9' ],
16 silly audit   'form-data': [ '4.0.2' ],
16 silly audit   'fraction.js': [ '4.3.7' ],
16 silly audit   fsevents: [ '2.3.3' ],
16 silly audit   'function-bind': [ '1.1.2' ],
16 silly audit   gensync: [ '1.0.0-beta.2' ],
16 silly audit   'get-intrinsic': [ '1.3.0' ],
16 silly audit   'get-proto': [ '1.0.1' ],
16 silly audit   'glob-parent': [ '6.0.2' ],
16 silly audit   gopd: [ '1.2.0' ],
16 silly audit   'has-flag': [ '4.0.0' ],
16 silly audit   'has-symbols': [ '1.1.0' ],
16 silly audit   'has-tostringtag': [ '1.0.2' ],
16 silly audit   hasown: [ '2.0.2' ],
16 silly audit   ignore: [ '5.3.2' ],
16 silly audit   immutable: [ '5.1.1' ],
16 silly audit   'import-fresh': [ '3.3.1' ],
16 silly audit   imurmurhash: [ '0.1.4' ],
16 silly audit   'is-extglob': [ '2.1.1' ],
16 silly audit   'is-glob': [ '4.0.3' ],
16 silly audit   'is-number': [ '7.0.0' ],
16 silly audit   isexe: [ '2.0.0' ],
16 silly audit   'js-tokens': [ '4.0.0' ],
16 silly audit   'js-yaml': [ '4.1.0' ],
16 silly audit   jsesc: [ '3.1.0' ],
16 silly audit   'json-buffer': [ '3.0.1' ],
16 silly audit   'json-schema-traverse': [ '0.4.1' ],
16 silly audit   'json-stable-stringify-without-jsonify': [ '1.0.1' ],
16 silly audit   json5: [ '2.2.3' ],
16 silly audit   keyv: [ '4.5.4' ],
16 silly audit   levn: [ '0.4.1' ],
16 silly audit   'locate-path': [ '6.0.0' ],
16 silly audit   'lodash.merge': [ '4.6.2' ],
16 silly audit   'lru-cache': [ '5.1.1' ],
16 silly audit   'math-intrinsics': [ '1.1.0' ],
16 silly audit   micromatch: [ '4.0.8' ],
16 silly audit   picomatch: [ '2.3.1', '4.0.2' ],
16 silly audit   'mime-db': [ '1.52.0' ],
16 silly audit   'mime-types': [ '2.1.35' ],
16 silly audit   minimatch: [ '3.1.2' ],
16 silly audit   ms: [ '2.1.3' ],
16 silly audit   nanoid: [ '3.3.11' ],
16 silly audit   'natural-compare': [ '1.4.0' ],
16 silly audit   'node-addon-api': [ '7.1.1' ],
16 silly audit   'node-releases': [ '2.0.19' ],
16 silly audit   'normalize-range': [ '0.1.2' ],
16 silly audit   optionator: [ '0.9.4' ],
16 silly audit   'p-limit': [ '3.1.0' ],
16 silly audit   'p-locate': [ '5.0.0' ],
16 silly audit   'parent-module': [ '1.0.1' ],
16 silly audit   'path-exists': [ '4.0.0' ],
16 silly audit   'path-key': [ '3.1.1' ],
16 silly audit   picocolors: [ '1.1.1' ],
16 silly audit   postcss: [ '8.5.3' ],
16 silly audit   'postcss-value-parser': [ '4.2.0' ],
16 silly audit   'prelude-ls': [ '1.2.1' ],
16 silly audit   'proxy-from-env': [ '1.1.0' ],
16 silly audit   punycode: [ '2.3.1' ],
16 silly audit   react: [ '19.1.0' ],
16 silly audit   'react-dom': [ '19.1.0' ],
16 silly audit   'react-refresh': [ '0.17.0' ],
16 silly audit   'react-router': [ '7.5.3' ],
16 silly audit   'react-router-dom': [ '7.5.3' ],
16 silly audit   readdirp: [ '4.1.2' ],
16 silly audit   'resolve-from': [ '4.0.0' ],
16 silly audit   rollup: [ '4.40.1' ],
16 silly audit   sass: [ '1.87.0' ],
16 silly audit   scheduler: [ '0.26.0' ],
16 silly audit   semver: [ '6.3.1' ],
16 silly audit   'set-cookie-parser': [ '2.7.1' ],
16 silly audit   'shebang-command': [ '2.0.0' ],
16 silly audit   'shebang-regex': [ '3.0.0' ],
16 silly audit   'source-map-js': [ '1.2.1' ],
16 silly audit   'strip-json-comments': [ '3.1.1' ],
16 silly audit   'supports-color': [ '7.2.0' ],
16 silly audit   tailwindcss: [ '4.1.5' ],
16 silly audit   tinyglobby: [ '0.2.13' ],
16 silly audit   'to-regex-range': [ '5.0.1' ],
16 silly audit   'turbo-stream': [ '2.4.0' ],
16 silly audit   'type-check': [ '0.4.0' ],
16 silly audit   'update-browserslist-db': [ '1.1.3' ],
16 silly audit   'uri-js': [ '4.4.1' ],
16 silly audit   vite: [ '6.3.4' ],
16 silly audit   which: [ '2.0.2' ],
16 silly audit   'word-wrap': [ '1.2.5' ],
16 silly audit   yallist: [ '3.1.1' ],
16 silly audit   'yocto-queue': [ '0.1.0' ]
16 silly audit }
17 verbose reify failed optional dependency C:\Users\paradise\OneDrive\Desktop\miniproject\oz_react_mini_10\node_modules\fsevents
18 silly reify mark deleted [
18 silly reify   'C:\\Users\\paradise\\OneDrive\\Desktop\\miniproject\\oz_react_mini_10\\node_modules\\fsevents'
18 silly reify ]
19 verbose reify failed optional dependency C:\Users\paradise\OneDrive\Desktop\miniproject\oz_react_mini_10\node_modules\@rollup\rollup-win32-ia32-msvc
20 silly reify mark deleted [
20 silly reify   'C:\\Users\\paradise\\OneDrive\\Desktop\\miniproject\\oz_react_mini_10\\node_modules\\@rollup\\rollup-win32-ia32-msvc'
20 silly reify ]
21 verbose reify failed optional dependency C:\Users\paradise\OneDrive\Desktop\miniproject\oz_react_mini_10\node_modules\@rollup\rollup-win32-arm64-msvc
22 silly reify mark deleted [
22 silly reify   'C:\\Users\\paradise\\OneDrive\\Desktop\\miniproject\\oz_react_mini_10\\node_modules\\@rollup\\rollup-win32-arm64-msvc'
22 silly reify ]
23 verbose reify failed optional dependency C:\Users\paradise\OneDrive\Desktop\miniproject\oz_react_mini_10\node_modules\@rollup\rollup-linux-x64-musl
24 silly reify mark deleted [
24 silly reify   'C:\\Users\\paradise\\OneDrive\\Desktop\\miniproject\\oz_react_mini_10\\node_modules\\@rollup\\rollup-linux-x64-musl'
24 silly reify ]
25 verbose reify failed optional dependency C:\Users\paradise\OneDrive\Desktop\miniproject\oz_react_mini_10\node_modules\@rollup\rollup-linux-x64-gnu
26 silly reify mark deleted [
26 silly reify   'C:\\Users\\paradise\\OneDrive\\Desktop\\miniproject\\oz_react_mini_10\\node_modules\\@rollup\\rollup-linux-x64-gnu'
26 silly reify ]
27 verbose reify failed optional dependency C:\Users\paradise\OneDrive\Desktop\miniproject\oz_react_mini_10\node_modules\@rollup\rollup-linux-s390x-gnu
28 silly reify mark deleted [
28 silly reify   'C:\\Users\\paradise\\OneDrive\\Desktop\\miniproject\\oz_react_mini_10\\node_modules\\@rollup\\rollup-linux-s390x-gnu'
28 silly reify ]
29 verbose reify failed optional dependency C:\Users\paradise\OneDrive\Desktop\miniproject\oz_react_mini_10\node_modules\@rollup\rollup-linux-riscv64-musl
30 silly reify mark deleted [
30 silly reify   'C:\\Users\\paradise\\OneDrive\\Desktop\\miniproject\\oz_react_mini_10\\node_modules\\@rollup\\rollup-linux-riscv64-musl'
30 silly reify ]
31 verbose reify failed optional dependency C:\Users\paradise\OneDrive\Desktop\miniproject\oz_react_mini_10\node_modules\@rollup\rollup-linux-riscv64-gnu
32 silly reify mark deleted [
32 silly reify   'C:\\Users\\paradise\\OneDrive\\Desktop\\miniproject\\oz_react_mini_10\\node_modules\\@rollup\\rollup-linux-riscv64-gnu'
32 silly reify ]
33 verbose reify failed optional dependency C:\Users\paradise\OneDrive\Desktop\miniproject\oz_react_mini_10\node_modules\@rollup\rollup-linux-powerpc64le-gnu
34 silly reify mark deleted [
34 silly reify   'C:\\Users\\paradise\\OneDrive\\Desktop\\miniproject\\oz_react_mini_10\\node_modules\\@rollup\\rollup-linux-powerpc64le-gnu'
34 silly reify ]
35 verbose reify failed optional dependency C:\Users\paradise\OneDrive\Desktop\miniproject\oz_react_mini_10\node_modules\@rollup\rollup-linux-loongarch64-gnu
36 silly reify mark deleted [
36 silly reify   'C:\\Users\\paradise\\OneDrive\\Desktop\\miniproject\\oz_react_mini_10\\node_modules\\@rollup\\rollup-linux-loongarch64-gnu'
36 silly reify ]
37 verbose reify failed optional dependency C:\Users\paradise\OneDrive\Desktop\miniproject\oz_react_mini_10\node_modules\@rollup\rollup-linux-arm64-musl
38 silly reify mark deleted [
38 silly reify   'C:\\Users\\paradise\\OneDrive\\Desktop\\miniproject\\oz_react_mini_10\\node_modules\\@rollup\\rollup-linux-arm64-musl'
38 silly reify ]
39 verbose reify failed optional dependency C:\Users\paradise\OneDrive\Desktop\miniproject\oz_react_mini_10\node_modules\@rollup\rollup-linux-arm64-gnu
40 silly reify mark deleted [
40 silly reify   'C:\\Users\\paradise\\OneDrive\\Desktop\\miniproject\\oz_react_mini_10\\node_modules\\@rollup\\rollup-linux-arm64-gnu'
40 silly reify ]
41 verbose reify failed optional dependency C:\Users\paradise\OneDrive\Desktop\miniproject\oz_react_mini_10\node_modules\@rollup\rollup-linux-arm-musleabihf
42 silly reify mark deleted [
42 silly reify   'C:\\Users\\paradise\\OneDrive\\Desktop\\miniproject\\oz_react_mini_10\\node_modules\\@rollup\\rollup-linux-arm-musleabihf'
42 silly reify ]
43 verbose reify failed optional dependency C:\Users\paradise\OneDrive\Desktop\miniproject\oz_react_mini_10\node_modules\@rollup\rollup-linux-arm-gnueabihf
44 silly reify mark deleted [
44 silly reify   'C:\\Users\\paradise\\OneDrive\\Desktop\\miniproject\\oz_react_mini_10\\node_modules\\@rollup\\rollup-linux-arm-gnueabihf'
44 silly reify ]
45 verbose reify failed optional dependency C:\Users\paradise\OneDrive\Desktop\miniproject\oz_react_mini_10\node_modules\@rollup\rollup-freebsd-x64
46 silly reify mark deleted [
46 silly reify   'C:\\Users\\paradise\\OneDrive\\Desktop\\miniproject\\oz_react_mini_10\\node_modules\\@rollup\\rollup-freebsd-x64'
46 silly reify ]
47 verbose reify failed optional dependency C:\Users\paradise\OneDrive\Desktop\miniproject\oz_react_mini_10\node_modules\@rollup\rollup-freebsd-arm64
48 silly reify mark deleted [
48 silly reify   'C:\\Users\\paradise\\OneDrive\\Desktop\\miniproject\\oz_react_mini_10\\node_modules\\@rollup\\rollup-freebsd-arm64'
48 silly reify ]
49 verbose reify failed optional dependency C:\Users\paradise\OneDrive\Desktop\miniproject\oz_react_mini_10\node_modules\@rollup\rollup-darwin-x64
50 silly reify mark deleted [
50 silly reify   'C:\\Users\\paradise\\OneDrive\\Desktop\\miniproject\\oz_react_mini_10\\node_modules\\@rollup\\rollup-darwin-x64'
50 silly reify ]
51 verbose reify failed optional dependency C:\Users\paradise\OneDrive\Desktop\miniproject\oz_react_mini_10\node_modules\@rollup\rollup-darwin-arm64
52 silly reify mark deleted [
52 silly reify   'C:\\Users\\paradise\\OneDrive\\Desktop\\miniproject\\oz_react_mini_10\\node_modules\\@rollup\\rollup-darwin-arm64'
52 silly reify ]
53 verbose reify failed optional dependency C:\Users\paradise\OneDrive\Desktop\miniproject\oz_react_mini_10\node_modules\@rollup\rollup-android-arm64
54 silly reify mark deleted [
54 silly reify   'C:\\Users\\paradise\\OneDrive\\Desktop\\miniproject\\oz_react_mini_10\\node_modules\\@rollup\\rollup-android-arm64'
54 silly reify ]
55 verbose reify failed optional dependency C:\Users\paradise\OneDrive\Desktop\miniproject\oz_react_mini_10\node_modules\@rollup\rollup-android-arm-eabi
56 silly reify mark deleted [
56 silly reify   'C:\\Users\\paradise\\OneDrive\\Desktop\\miniproject\\oz_react_mini_10\\node_modules\\@rollup\\rollup-android-arm-eabi'
56 silly reify ]
57 verbose reify failed optional dependency C:\Users\paradise\OneDrive\Desktop\miniproject\oz_react_mini_10\node_modules\@parcel\watcher-win32-ia32
58 silly reify mark deleted [
58 silly reify   'C:\\Users\\paradise\\OneDrive\\Desktop\\miniproject\\oz_react_mini_10\\node_modules\\@parcel\\watcher-win32-ia32'
58 silly reify ]
59 verbose reify failed optional dependency C:\Users\paradise\OneDrive\Desktop\miniproject\oz_react_mini_10\node_modules\@parcel\watcher-win32-arm64
60 silly reify mark deleted [
60 silly reify   'C:\\Users\\paradise\\OneDrive\\Desktop\\miniproject\\oz_react_mini_10\\node_modules\\@parcel\\watcher-win32-arm64'
60 silly reify ]
61 verbose reify failed optional dependency C:\Users\paradise\OneDrive\Desktop\miniproject\oz_react_mini_10\node_modules\@parcel\watcher-linux-x64-musl
62 silly reify mark deleted [
62 silly reify   'C:\\Users\\paradise\\OneDrive\\Desktop\\miniproject\\oz_react_mini_10\\node_modules\\@parcel\\watcher-linux-x64-musl'
62 silly reify ]
63 verbose reify failed optional dependency C:\Users\paradise\OneDrive\Desktop\miniproject\oz_react_mini_10\node_modules\@parcel\watcher-linux-x64-glibc
64 silly reify mark deleted [
64 silly reify   'C:\\Users\\paradise\\OneDrive\\Desktop\\miniproject\\oz_react_mini_10\\node_modules\\@parcel\\watcher-linux-x64-glibc'
64 silly reify ]
65 verbose reify failed optional dependency C:\Users\paradise\OneDrive\Desktop\miniproject\oz_react_mini_10\node_modules\@parcel\watcher-linux-arm64-musl
66 silly reify mark deleted [
66 silly reify   'C:\\Users\\paradise\\OneDrive\\Desktop\\miniproject\\oz_react_mini_10\\node_modules\\@parcel\\watcher-linux-arm64-musl'
66 silly reify ]
67 verbose reify failed optional dependency C:\Users\paradise\OneDrive\Desktop\miniproject\oz_react_mini_10\node_modules\@parcel\watcher-linux-arm64-glibc
68 silly reify mark deleted [
68 silly reify   'C:\\Users\\paradise\\OneDrive\\Desktop\\miniproject\\oz_react_mini_10\\node_modules\\@parcel\\watcher-linux-arm64-glibc'
68 silly reify ]
69 verbose reify failed optional dependency C:\Users\paradise\OneDrive\Desktop\miniproject\oz_react_mini_10\node_modules\@parcel\watcher-linux-arm-musl
70 silly reify mark deleted [
70 silly reify   'C:\\Users\\paradise\\OneDrive\\Desktop\\miniproject\\oz_react_mini_10\\node_modules\\@parcel\\watcher-linux-arm-musl'
70 silly reify ]
71 verbose reify failed optional dependency C:\Users\paradise\OneDrive\Desktop\miniproject\oz_react_mini_10\node_modules\@parcel\watcher-linux-arm-glibc
72 silly reify mark deleted [
72 silly reify   'C:\\Users\\paradise\\OneDrive\\Desktop\\miniproject\\oz_react_mini_10\\node_modules\\@parcel\\watcher-linux-arm-glibc'
72 silly reify ]
73 verbose reify failed optional dependency C:\Users\paradise\OneDrive\Desktop\miniproject\oz_react_mini_10\node_modules\@parcel\watcher-freebsd-x64
74 silly reify mark deleted [
74 silly reify   'C:\\Users\\paradise\\OneDrive\\Desktop\\miniproject\\oz_react_mini_10\\node_modules\\@parcel\\watcher-freebsd-x64'
74 silly reify ]
75 verbose reify failed optional dependency C:\Users\paradise\OneDrive\Desktop\miniproject\oz_react_mini_10\node_modules\@parcel\watcher-darwin-x64
76 silly reify mark deleted [
76 silly reify   'C:\\Users\\paradise\\OneDrive\\Desktop\\miniproject\\oz_react_mini_10\\node_modules\\@parcel\\watcher-darwin-x64'
76 silly reify ]
77 verbose reify failed optional dependency C:\Users\paradise\OneDrive\Desktop\miniproject\oz_react_mini_10\node_modules\@parcel\watcher-darwin-arm64
78 silly reify mark deleted [
78 silly reify   'C:\\Users\\paradise\\OneDrive\\Desktop\\miniproject\\oz_react_mini_10\\node_modules\\@parcel\\watcher-darwin-arm64'
78 silly reify ]
79 verbose reify failed optional dependency C:\Users\paradise\OneDrive\Desktop\miniproject\oz_react_mini_10\node_modules\@parcel\watcher-android-arm64
80 silly reify mark deleted [
80 silly reify   'C:\\Users\\paradise\\OneDrive\\Desktop\\miniproject\\oz_react_mini_10\\node_modules\\@parcel\\watcher-android-arm64'
80 silly reify ]
81 verbose reify failed optional dependency C:\Users\paradise\OneDrive\Desktop\miniproject\oz_react_mini_10\node_modules\@esbuild\win32-ia32
82 silly reify mark deleted [
82 silly reify   'C:\\Users\\paradise\\OneDrive\\Desktop\\miniproject\\oz_react_mini_10\\node_modules\\@esbuild\\win32-ia32'
82 silly reify ]
83 verbose reify failed optional dependency C:\Users\paradise\OneDrive\Desktop\miniproject\oz_react_mini_10\node_modules\@esbuild\win32-arm64
84 silly reify mark deleted [
84 silly reify   'C:\\Users\\paradise\\OneDrive\\Desktop\\miniproject\\oz_react_mini_10\\node_modules\\@esbuild\\win32-arm64'
84 silly reify ]
85 verbose reify failed optional dependency C:\Users\paradise\OneDrive\Desktop\miniproject\oz_react_mini_10\node_modules\@esbuild\sunos-x64
86 silly reify mark deleted [
86 silly reify   'C:\\Users\\paradise\\OneDrive\\Desktop\\miniproject\\oz_react_mini_10\\node_modules\\@esbuild\\sunos-x64'
86 silly reify ]
87 verbose reify failed optional dependency C:\Users\paradise\OneDrive\Desktop\miniproject\oz_react_mini_10\node_modules\@esbuild\openbsd-x64
88 silly reify mark deleted [
88 silly reify   'C:\\Users\\paradise\\OneDrive\\Desktop\\miniproject\\oz_react_mini_10\\node_modules\\@esbuild\\openbsd-x64'
88 silly reify ]
89 verbose reify failed optional dependency C:\Users\paradise\OneDrive\Desktop\miniproject\oz_react_mini_10\node_modules\@esbuild\openbsd-arm64
90 silly reify mark deleted [
90 silly reify   'C:\\Users\\paradise\\OneDrive\\Desktop\\miniproject\\oz_react_mini_10\\node_modules\\@esbuild\\openbsd-arm64'
90 silly reify ]
91 verbose reify failed optional dependency C:\Users\paradise\OneDrive\Desktop\miniproject\oz_react_mini_10\node_modules\@esbuild\netbsd-x64
92 silly reify mark deleted [
92 silly reify   'C:\\Users\\paradise\\OneDrive\\Desktop\\miniproject\\oz_react_mini_10\\node_modules\\@esbuild\\netbsd-x64'
92 silly reify ]
93 verbose reify failed optional dependency C:\Users\paradise\OneDrive\Desktop\miniproject\oz_react_mini_10\node_modules\@esbuild\netbsd-arm64
94 silly reify mark deleted [
94 silly reify   'C:\\Users\\paradise\\OneDrive\\Desktop\\miniproject\\oz_react_mini_10\\node_modules\\@esbuild\\netbsd-arm64'
94 silly reify ]
95 verbose reify failed optional dependency C:\Users\paradise\OneDrive\Desktop\miniproject\oz_react_mini_10\node_modules\@esbuild\linux-x64
96 silly reify mark deleted [
96 silly reify   'C:\\Users\\paradise\\OneDrive\\Desktop\\miniproject\\oz_react_mini_10\\node_modules\\@esbuild\\linux-x64'
96 silly reify ]
97 verbose reify failed optional dependency C:\Users\paradise\OneDrive\Desktop\miniproject\oz_react_mini_10\node_modules\@esbuild\linux-s390x
98 silly reify mark deleted [
98 silly reify   'C:\\Users\\paradise\\OneDrive\\Desktop\\miniproject\\oz_react_mini_10\\node_modules\\@esbuild\\linux-s390x'
98 silly reify ]
99 verbose reify failed optional dependency C:\Users\paradise\OneDrive\Desktop\miniproject\oz_react_mini_10\node_modules\@esbuild\linux-riscv64
100 silly reify mark deleted [
100 silly reify   'C:\\Users\\paradise\\OneDrive\\Desktop\\miniproject\\oz_react_mini_10\\node_modules\\@esbuild\\linux-riscv64'
100 silly reify ]
101 verbose reify failed optional dependency C:\Users\paradise\OneDrive\Desktop\miniproject\oz_react_mini_10\node_modules\@esbuild\linux-ppc64
102 silly reify mark deleted [
102 silly reify   'C:\\Users\\paradise\\OneDrive\\Desktop\\miniproject\\oz_react_mini_10\\node_modules\\@esbuild\\linux-ppc64'
102 silly reify ]
103 verbose reify failed optional dependency C:\Users\paradise\OneDrive\Desktop\miniproject\oz_react_mini_10\node_modules\@esbuild\linux-mips64el
104 silly reify mark deleted [
104 silly reify   'C:\\Users\\paradise\\OneDrive\\Desktop\\miniproject\\oz_react_mini_10\\node_modules\\@esbuild\\linux-mips64el'
104 silly reify ]
105 verbose reify failed optional dependency C:\Users\paradise\OneDrive\Desktop\miniproject\oz_react_mini_10\node_modules\@esbuild\linux-loong64
106 silly reify mark deleted [
106 silly reify   'C:\\Users\\paradise\\OneDrive\\Desktop\\miniproject\\oz_react_mini_10\\node_modules\\@esbuild\\linux-loong64'
106 silly reify ]
107 verbose reify failed optional dependency C:\Users\paradise\OneDrive\Desktop\miniproject\oz_react_mini_10\node_modules\@esbuild\linux-ia32
108 silly reify mark deleted [
108 silly reify   'C:\\Users\\paradise\\OneDrive\\Desktop\\miniproject\\oz_react_mini_10\\node_modules\\@esbuild\\linux-ia32'
108 silly reify ]
109 verbose reify failed optional dependency C:\Users\paradise\OneDrive\Desktop\miniproject\oz_react_mini_10\node_modules\@esbuild\linux-arm64
110 silly reify mark deleted [
110 silly reify   'C:\\Users\\paradise\\OneDrive\\Desktop\\miniproject\\oz_react_mini_10\\node_modules\\@esbuild\\linux-arm64'
110 silly reify ]
111 verbose reify failed optional dependency C:\Users\paradise\OneDrive\Desktop\miniproject\oz_react_mini_10\node_modules\@esbuild\linux-arm
112 silly reify mark deleted [
112 silly reify   'C:\\Users\\paradise\\OneDrive\\Desktop\\miniproject\\oz_react_mini_10\\node_modules\\@esbuild\\linux-arm'
112 silly reify ]
113 verbose reify failed optional dependency C:\Users\paradise\OneDrive\Desktop\miniproject\oz_react_mini_10\node_modules\@esbuild\freebsd-x64
114 silly reify mark deleted [
114 silly reify   'C:\\Users\\paradise\\OneDrive\\Desktop\\miniproject\\oz_react_mini_10\\node_modules\\@esbuild\\freebsd-x64'
114 silly reify ]
115 verbose reify failed optional dependency C:\Users\paradise\OneDrive\Desktop\miniproject\oz_react_mini_10\node_modules\@esbuild\freebsd-arm64
116 silly reify mark deleted [
116 silly reify   'C:\\Users\\paradise\\OneDrive\\Desktop\\miniproject\\oz_react_mini_10\\node_modules\\@esbuild\\freebsd-arm64'
116 silly reify ]
117 verbose reify failed optional dependency C:\Users\paradise\OneDrive\Desktop\miniproject\oz_react_mini_10\node_modules\@esbuild\darwin-x64
118 silly reify mark deleted [
118 silly reify   'C:\\Users\\paradise\\OneDrive\\Desktop\\miniproject\\oz_react_mini_10\\node_modules\\@esbuild\\darwin-x64'
118 silly reify ]
119 verbose reify failed optional dependency C:\Users\paradise\OneDrive\Desktop\miniproject\oz_react_mini_10\node_modules\@esbuild\darwin-arm64
120 silly reify mark deleted [
120 silly reify   'C:\\Users\\paradise\\OneDrive\\Desktop\\miniproject\\oz_react_mini_10\\node_modules\\@esbuild\\darwin-arm64'
120 silly reify ]
121 verbose reify failed optional dependency C:\Users\paradise\OneDrive\Desktop\miniproject\oz_react_mini_10\node_modules\@esbuild\android-x64
122 silly reify mark deleted [
122 silly reify   'C:\\Users\\paradise\\OneDrive\\Desktop\\miniproject\\oz_react_mini_10\\node_modules\\@esbuild\\android-x64'
122 silly reify ]
123 verbose reify failed optional dependency C:\Users\paradise\OneDrive\Desktop\miniproject\oz_react_mini_10\node_modules\@esbuild\android-arm64
124 silly reify mark deleted [
124 silly reify   'C:\\Users\\paradise\\OneDrive\\Desktop\\miniproject\\oz_react_mini_10\\node_modules\\@esbuild\\android-arm64'
124 silly reify ]
125 verbose reify failed optional dependency C:\Users\paradise\OneDrive\Desktop\miniproject\oz_react_mini_10\node_modules\@esbuild\android-arm
126 silly reify mark deleted [
126 silly reify   'C:\\Users\\paradise\\OneDrive\\Desktop\\miniproject\\oz_react_mini_10\\node_modules\\@esbuild\\android-arm'
126 silly reify ]
127 verbose reify failed optional dependency C:\Users\paradise\OneDrive\Desktop\miniproject\oz_react_mini_10\node_modules\@esbuild\aix-ppc64
128 silly reify mark deleted [
128 silly reify   'C:\\Users\\paradise\\OneDrive\\Desktop\\miniproject\\oz_react_mini_10\\node_modules\\@esbuild\\aix-ppc64'
128 silly reify ]
129 http fetch POST 200 https://registry.npmjs.org/-/npm/v1/security/advisories/bulk 464ms
130 silly audit report {}
131 silly ADD node_modules/fsevents
132 silly ADD node_modules/@rollup/rollup-win32-ia32-msvc
133 silly ADD node_modules/@rollup/rollup-win32-arm64-msvc
134 silly ADD node_modules/@rollup/rollup-linux-x64-musl
135 silly ADD node_modules/@rollup/rollup-linux-x64-gnu
136 silly ADD node_modules/@rollup/rollup-linux-s390x-gnu
137 silly ADD node_modules/@rollup/rollup-linux-riscv64-musl
138 silly ADD node_modules/@rollup/rollup-linux-riscv64-gnu
139 silly ADD node_modules/@rollup/rollup-linux-powerpc64le-gnu
140 silly ADD node_modules/@rollup/rollup-linux-loongarch64-gnu
141 silly ADD node_modules/@rollup/rollup-linux-arm64-musl
142 silly ADD node_modules/@rollup/rollup-linux-arm64-gnu
143 silly ADD node_modules/@rollup/rollup-linux-arm-musleabihf
144 silly ADD node_modules/@rollup/rollup-linux-arm-gnueabihf
145 silly ADD node_modules/@rollup/rollup-freebsd-x64
146 silly ADD node_modules/@rollup/rollup-freebsd-arm64
147 silly ADD node_modules/@rollup/rollup-darwin-x64
148 silly ADD node_modules/@rollup/rollup-darwin-arm64
149 silly ADD node_modules/@rollup/rollup-android-arm64
150 silly ADD node_modules/@rollup/rollup-android-arm-eabi
151 silly ADD node_modules/@parcel/watcher-win32-ia32
152 silly ADD node_modules/@parcel/watcher-win32-arm64
153 silly ADD node_modules/@parcel/watcher-linux-x64-musl
154 silly ADD node_modules/@parcel/watcher-linux-x64-glibc
155 silly ADD node_modules/@parcel/watcher-linux-arm64-musl
156 silly ADD node_modules/@parcel/watcher-linux-arm64-glibc
157 silly ADD node_modules/@parcel/watcher-linux-arm-musl
158 silly ADD node_modules/@parcel/watcher-linux-arm-glibc
159 silly ADD node_modules/@parcel/watcher-freebsd-x64
160 silly ADD node_modules/@parcel/watcher-darwin-x64
161 silly ADD node_modules/@parcel/watcher-darwin-arm64
162 silly ADD node_modules/@parcel/watcher-android-arm64
163 silly ADD node_modules/@esbuild/win32-ia32
164 silly ADD node_modules/@esbuild/win32-arm64
165 silly ADD node_modules/@esbuild/sunos-x64
166 silly ADD node_modules/@esbuild/openbsd-x64
167 silly ADD node_modules/@esbuild/openbsd-arm64
168 silly ADD node_modules/@esbuild/netbsd-x64
169 silly ADD node_modules/@esbuild/netbsd-arm64
170 silly ADD node_modules/@esbuild/linux-x64
171 silly ADD node_modules/@esbuild/linux-s390x
172 silly ADD node_modules/@esbuild/linux-riscv64
173 silly ADD node_modules/@esbuild/linux-ppc64
174 silly ADD node_modules/@esbuild/linux-mips64el
175 silly ADD node_modules/@esbuild/linux-loong64
176 silly ADD node_modules/@esbuild/linux-ia32
177 silly ADD node_modules/@esbuild/linux-arm64
178 silly ADD node_modules/@esbuild/linux-arm
179 silly ADD node_modules/@esbuild/freebsd-x64
180 silly ADD node_modules/@esbuild/freebsd-arm64
181 silly ADD node_modules/@esbuild/darwin-x64
182 silly ADD node_modules/@esbuild/darwin-arm64
183 silly ADD node_modules/@esbuild/android-x64
184 silly ADD node_modules/@esbuild/android-arm64
185 silly ADD node_modules/@esbuild/android-arm
186 silly ADD node_modules/@esbuild/aix-ppc64
187 verbose cwd C:\Users\paradise\OneDrive\Desktop\miniproject\oz_react_mini_10
188 verbose os Windows_NT 10.0.22631
189 verbose node v22.15.0
190 verbose npm  v11.3.0
191 verbose exit 0
192 info ok
